Session log started: C:\Users\ariAccount\Desktop\MPS_1.0.0\logs\session_20260301_130542.log
Registered button for Step1Setup
Loaded Step1Setup
Registered button for Step2aVideoLoading
Loaded Step2aVideoLoading
Registered button for Step2bProcessing
Loaded Step2bProcessing
Registered button for Step2cMotionEstimation
Loaded Step2cMotionEstimation
Registered button for Step2dErroneousFrames
Loaded Step2dErroneousFrames
Registered button for Step2eTransformation
Loaded Step2eTransformation
Registered button for Step2fValidation
Loaded Step2fValidation
Registered button for Step3aCropping
Loaded Step3aCropping
Registered button for Step3bNNDSVD
Loaded Step3bNNDSVD
Registered button for Step3cSVDAnalysis
Loaded Step3cSVDAnalysis
Registered button for Step4aWatershedSearch
Loaded Step4aWatershedSearch
Registered button for Step4bWatershedSegmentation
Loaded Step4bWatershedSegmentation
Registered button for Step4cMergingUnits
Loaded Step4cMergingUnits
Registered button for Step4dTemporalSignals
Loaded Step4dTemporalSignals
Registered button for Step4eACInitialization
Loaded Step4eACInitialization
Registered button for Step4fDroppingNans
Loaded Step4fDroppingNans
Registered button for Step4gTemporalMerging
Loaded Step4gTemporalMerging
Registered button for Step5aNoiseEstimation
Loaded Step5aNoiseEstimation
Registered button for Step5bValidationSetup
Loaded Step5bValidationSetup
Registered button for Step6aYRAComputation
Loaded Step6aYRAComputation
Registered button for Step6bValidateYRA
Loaded Step6bValidateYRA
Registered button for Step6cParameterSuggestion
Loaded Step6cParameterSuggestion
Registered button for Step6dUpdateTemporal
Loaded Step6dUpdateTemporal
Registered button for Step6eFilterValidate
Loaded Step6eFilterValidate
Registered button for Step7aDilation
Loaded Step7aDilation
Registered button for Step7bKDTree
Loaded Step7bKDTree
Registered button for Step7cBounds
Loaded Step7cBounds
Registered button for Step7dParameterSuggestions
Loaded Step7dParameterSuggestions
Registered button for Step7eSpatialUpdate
Loaded Step7eSpatialUpdate
Registered button for Step7fMergingValidation
Loaded Step7fMergingValidation
Registered button for Step8aYRAComputation
Loaded Step8aYRAComputation
Registered button for Step8bFinalTemporalUpdate
Loaded Step8bFinalTemporalUpdate
Registered button for Step8cFilterSave
Loaded Step8cFilterSave

--- DEBUG: Starting data loading process ---
Cache path: C:/Users/ariAccount/Desktop/9999_1_Processed\cache_data
Animal ID: 9999, Session ID: 1
Output directory: C:/Users/ariAccount/Desktop
Created/verified dataset output path: C:/Users/ariAccount/Desktop\9999_1_Processed
Initializing Dask cluster with 8 workers and 200GB memory limit
Dask Dashboard available at: http://127.0.0.1:8787/status

--- DEBUG: Attempting to load selected zarr files ---
Loaded processing_parameters from json
Also stored processing_parameters at top level
Loaded step2a_chunking_info from json
Also stored step2a_chunking_info at top level
Error loading as DataArray: [Errno 13] Permission denied: 'C:\\Users\\ariAccount\\Desktop\\9999_1_Processed\\cache_data\\step2a_varr.zarr', trying Dataset...
Loaded step2a_varr from zarr
Stored step2a_varr in nested format under step2a_varr
Also stored step2a_varr at top level
Error loading as DataArray: [Errno 13] Permission denied: 'C:\\Users\\ariAccount\\Desktop\\9999_1_Processed\\cache_data\\step2b_varr_ref.zarr', trying Dataset...
Loaded step2b_varr_ref from zarr
Stored step2b_varr_ref in nested format under step2b
Also stored step2b_varr_ref at top level
Error loading as DataArray: [Errno 13] Permission denied: 'C:\\Users\\ariAccount\\Desktop\\9999_1_Processed\\cache_data\\step2c_motion.zarr', trying Dataset...
Loaded step2c_motion from zarr
Stored step2c_motion in nested format under step2c
Also stored step2c_motion at top level
Error loading as DataArray: [Errno 13] Permission denied: 'C:\\Users\\ariAccount\\Desktop\\9999_1_Processed\\cache_data\\step2e_Y.zarr', trying Dataset...
Loaded step2e_Y from zarr
Stored step2e_Y only at top level (no mapping)

--- DEBUG: Looking for additional JSON and NumPy files ---

--- DEBUG: Checking if SVD results need to be loaded ---
SVD results directory not found at: C:/Users/ariAccount/Desktop/9999_1_Processed\cache_data\svd_results

--- DEBUG: Looking for cluster and boundary data ---

=== DEBUG: Marking steps completed through 'Step2dErroneousFrames' ===
Target step index: 4 (0-based)
After marking, state['results'] keys: ['processing_parameters', 'step2a_chunking_info', 'step2a_varr', 'step2b', 'step2b_varr_ref', 'step2c', 'step2c_motion', 'step2e_Y', 'step1_setup', 'step1', 'step2a_video_loading', 'step2a', 'step2b_processing', 'step2c_motion_estimation', 'step2d_erroneous_frames', 'step2d']
Navigating to next step: Step2eTransformation
Processing array with shape (1200, 600, 600)
Target storage chunks: (1200, 150, 150)
Creating initial zarr structure with correct dimension info
Adding _ARRAY_DIMENSIONS attribute to root
Processing 1200 frames in batches of 10000

--- BATCH 1/1 ---
Progress: 0.0% (0/1200 frames)
Processing frames 0 to 1199
  Batch 1 complete in 3.0 seconds
  Processing speed: 406.3 frames/second

Total processing time: 0:00:02
Average processing speed: 404.1 frames/second
Creating xarray wrapper with lazy loading
Verifying first 5 frames for quality check
Successfully saved step2e_Y_hw_chk with chunks ((1200,), (150, 150, 150, 150), (150, 150, 150, 150))

=== AUTO-SAVING PARAMETERS ===
Parameter file path: C:/Users/ariAccount/Desktop/9999_1_Processed\cache_data\processing_parameters.json
[DEBUG] Successfully loaded existing parameters from: C:/Users/ariAccount/Desktop/9999_1_Processed\cache_data\processing_parameters.json

==== START: Parameter Extraction ====
Controller type: <class '__main__.MainApplication'>
Controller state keys: ['input_dir', 'output_dir', 'animal', 'session', 'results', 'session_log_path', 'dataset_output_path', 'cache_path', 'n_workers', 'memory_limit', 'initialized', 'dask_dashboard_url']
Results keys: ['processing_parameters', 'step2a_chunking_info', 'step2a_varr', 'step2b', 'step2b_varr_ref', 'step2c', 'step2c_motion', 'step2e_Y', 'step1_setup', 'step1', 'step2a_video_loading', 'step2a', 'step2b_processing', 'step2c_motion_estimation', 'step2d_erroneous_frames', 'step2d', 'step2e', 'step2e_Y_fm_chk', 'step2e_Y_hw_chk']
Final parameter keys: ['step1_setup', 'step2a_video_loading', 'step2b_processing', 'step2c_motion_estimation', 'step2d_erroneous_frames', 'step2e_transformation']
[DEBUG] Saving parameters with steps: ['step1_setup', 'step2a_video_loading', 'step2b_processing', 'step2c_motion_estimation', 'step2d_erroneous_frames', 'step2e_transformation']
[DEBUG] Parameters saved to: C:/Users/ariAccount/Desktop/9999_1_Processed\cache_data\processing_parameters.json
Parameters saved successfully: True

[processing detection] No active processing threads detected

=== AUTO-SAVING PARAMETERS ===
Parameter file path: C:/Users/ariAccount/Desktop/9999_1_Processed\cache_data\processing_parameters.json
[DEBUG] Successfully loaded existing parameters from: C:/Users/ariAccount/Desktop/9999_1_Processed\cache_data\processing_parameters.json

==== START: Parameter Extraction ====
Controller type: <class '__main__.MainApplication'>
Controller state keys: ['input_dir', 'output_dir', 'animal', 'session', 'results', 'session_log_path', 'dataset_output_path', 'cache_path', 'n_workers', 'memory_limit', 'initialized', 'dask_dashboard_url']
Results keys: ['processing_parameters', 'step2a_chunking_info', 'step2a_varr', 'step2b', 'step2b_varr_ref', 'step2c', 'step2c_motion', 'step2e_Y', 'step1_setup', 'step1', 'step2a_video_loading', 'step2a', 'step2b_processing', 'step2c_motion_estimation', 'step2d_erroneous_frames', 'step2d', 'step2e', 'step2e_Y_fm_chk', 'step2e_Y_hw_chk']
Final parameter keys: ['step1_setup', 'step2a_video_loading', 'step2b_processing', 'step2c_motion_estimation', 'step2d_erroneous_frames', 'step2e_transformation']
[DEBUG] Saving parameters with steps: ['step1_setup', 'step2a_video_loading', 'step2b_processing', 'step2c_motion_estimation', 'step2d_erroneous_frames', 'step2e_transformation']
[DEBUG] Parameters saved to: C:/Users/ariAccount/Desktop/9999_1_Processed\cache_data\processing_parameters.json
Parameters saved successfully: True
C:\Users\ariAccount\Desktop\MPS_1.0.0\env\lib\site-packages\xarray\core\indexing.py:1369: PerformanceWarning: Slicing with an out-of-order index is generating 11 times more chunks
  return self.array[key]

[processing detection] No active processing threads detected

=== AUTO-SAVING PARAMETERS ===
Parameter file path: C:/Users/ariAccount/Desktop/9999_1_Processed\cache_data\processing_parameters.json
[DEBUG] Successfully loaded existing parameters from: C:/Users/ariAccount/Desktop/9999_1_Processed\cache_data\processing_parameters.json

==== START: Parameter Extraction ====
Controller type: <class '__main__.MainApplication'>
Controller state keys: ['input_dir', 'output_dir', 'animal', 'session', 'results', 'session_log_path', 'dataset_output_path', 'cache_path', 'n_workers', 'memory_limit', 'initialized', 'dask_dashboard_url']
Results keys: ['processing_parameters', 'step2a_chunking_info', 'step2a_varr', 'step2b', 'step2b_varr_ref', 'step2c', 'step2c_motion', 'step2e_Y', 'step1_setup', 'step1', 'step2a_video_loading', 'step2a', 'step2b_processing', 'step2c_motion_estimation', 'step2d_erroneous_frames', 'step2d', 'step2e', 'step2e_Y_fm_chk', 'step2e_Y_hw_chk', 'step2f']
Final parameter keys: ['step1_setup', 'step2a_video_loading', 'step2b_processing', 'step2c_motion_estimation', 'step2d_erroneous_frames', 'step2e_transformation']
[DEBUG] Saving parameters with steps: ['step1_setup', 'step2a_video_loading', 'step2b_processing', 'step2c_motion_estimation', 'step2d_erroneous_frames', 'step2e_transformation']
[DEBUG] Parameters saved to: C:/Users/ariAccount/Desktop/9999_1_Processed\cache_data\processing_parameters.json
Parameters saved successfully: True
Exiting Step 3a: Cropping
C:\Users\ariAccount\Desktop\MPS_1.0.0\steps\step3a_cropping.py:749: UserWarning: tight_layout: falling back to Agg renderer
  self.fig.tight_layout(rect=[0, 0, 1, 0.95], pad=0.1, h_pad=0.2, w_pad=0.2)
C:\Users\ariAccount\Desktop\MPS_1.0.0\steps\step3a_cropping.py:749: UserWarning: tight_layout: falling back to Agg renderer
  self.fig.tight_layout(rect=[0, 0, 1, 0.95], pad=0.1, h_pad=0.2, w_pad=0.2)
C:\Users\ariAccount\Desktop\MPS_1.0.0\steps\step3a_cropping.py:749: UserWarning: tight_layout: falling back to Agg renderer
  self.fig.tight_layout(rect=[0, 0, 1, 0.95], pad=0.1, h_pad=0.2, w_pad=0.2)
C:\Users\ariAccount\Desktop\MPS_1.0.0\steps\step3a_cropping.py:389: UserWarning: tight_layout: falling back to Agg renderer
  self.fig.tight_layout(rect=[0, 0, 1, 0.95], pad=0.1, h_pad=0.2, w_pad=0.2)

[processing detection] No active processing threads detected

=== AUTO-SAVING PARAMETERS ===
Parameter file path: C:/Users/ariAccount/Desktop/9999_1_Processed\cache_data\processing_parameters.json
[DEBUG] Successfully loaded existing parameters from: C:/Users/ariAccount/Desktop/9999_1_Processed\cache_data\processing_parameters.json

==== START: Parameter Extraction ====
Controller type: <class '__main__.MainApplication'>
Controller state keys: ['input_dir', 'output_dir', 'animal', 'session', 'results', 'session_log_path', 'dataset_output_path', 'cache_path', 'n_workers', 'memory_limit', 'initialized', 'dask_dashboard_url']
Results keys: ['processing_parameters', 'step2a_chunking_info', 'step2a_varr', 'step2b', 'step2b_varr_ref', 'step2c', 'step2c_motion', 'step2e_Y', 'step1_setup', 'step1', 'step2a_video_loading', 'step2a', 'step2b_processing', 'step2c_motion_estimation', 'step2d_erroneous_frames', 'step2d', 'step2e', 'step2e_Y_fm_chk', 'step2e_Y_hw_chk', 'step2f']
Final parameter keys: ['step1_setup', 'step2a_video_loading', 'step2b_processing', 'step2c_motion_estimation', 'step2d_erroneous_frames', 'step2e_transformation']
[DEBUG] Saving parameters with steps: ['step1_setup', 'step2a_video_loading', 'step2b_processing', 'step2c_motion_estimation', 'step2d_erroneous_frames', 'step2e_transformation']
[DEBUG] Parameters saved to: C:/Users/ariAccount/Desktop/9999_1_Processed\cache_data\processing_parameters.json
Parameters saved successfully: True

[processing detection] No active processing threads detected

=== AUTO-SAVING PARAMETERS ===
Parameter file path: C:/Users/ariAccount/Desktop/9999_1_Processed\cache_data\processing_parameters.json
[DEBUG] Successfully loaded existing parameters from: C:/Users/ariAccount/Desktop/9999_1_Processed\cache_data\processing_parameters.json

==== START: Parameter Extraction ====
Controller type: <class '__main__.MainApplication'>
Controller state keys: ['input_dir', 'output_dir', 'animal', 'session', 'results', 'session_log_path', 'dataset_output_path', 'cache_path', 'n_workers', 'memory_limit', 'initialized', 'dask_dashboard_url']
Results keys: ['processing_parameters', 'step2a_chunking_info', 'step2a_varr', 'step2b', 'step2b_varr_ref', 'step2c', 'step2c_motion', 'step2e_Y', 'step1_setup', 'step1', 'step2a_video_loading', 'step2a', 'step2b_processing', 'step2c_motion_estimation', 'step2d_erroneous_frames', 'step2d', 'step2e', 'step2e_Y_fm_chk', 'step2e_Y_hw_chk', 'step2f']
Final parameter keys: ['step1_setup', 'step2a_video_loading', 'step2b_processing', 'step2c_motion_estimation', 'step2d_erroneous_frames', 'step2e_transformation']
[DEBUG] Saving parameters with steps: ['step1_setup', 'step2a_video_loading', 'step2b_processing', 'step2c_motion_estimation', 'step2d_erroneous_frames', 'step2e_transformation']
[DEBUG] Parameters saved to: C:/Users/ariAccount/Desktop/9999_1_Processed\cache_data\processing_parameters.json
Parameters saved successfully: True
Exiting Step 3a: Cropping

=== AUTO-SAVING PARAMETERS ===
Parameter file path: C:/Users/ariAccount/Desktop/9999_1_Processed\cache_data\processing_parameters.json
[DEBUG] Successfully loaded existing parameters from: C:/Users/ariAccount/Desktop/9999_1_Processed\cache_data\processing_parameters.json

==== START: Parameter Extraction ====
Controller type: <class '__main__.MainApplication'>
Controller state keys: ['input_dir', 'output_dir', 'animal', 'session', 'results', 'session_log_path', 'dataset_output_path', 'cache_path', 'n_workers', 'memory_limit', 'initialized', 'dask_dashboard_url']
Results keys: ['processing_parameters', 'step2a_chunking_info', 'step2a_varr', 'step2b', 'step2b_varr_ref', 'step2c', 'step2c_motion', 'step2e_Y', 'step1_setup', 'step1', 'step2a_video_loading', 'step2a', 'step2b_processing', 'step2c_motion_estimation', 'step2d_erroneous_frames', 'step2d', 'step2e', 'step2e_Y_fm_chk', 'step2e_Y_hw_chk', 'step2f', 'step3a', 'step3a_Y_fm_cropped', 'step3a_Y_hw_cropped']
Final parameter keys: ['step1_setup', 'step2a_video_loading', 'step2b_processing', 'step2c_motion_estimation', 'step2d_erroneous_frames', 'step2e_transformation', 'step3a_cropping']
[DEBUG] Saving parameters with steps: ['step1_setup', 'step2a_video_loading', 'step2b_processing', 'step2c_motion_estimation', 'step2d_erroneous_frames', 'step2e_transformation', 'step3a_cropping']
[DEBUG] Parameters saved to: C:/Users/ariAccount/Desktop/9999_1_Processed\cache_data\processing_parameters.json
Parameters saved successfully: True

[processing detection] No active processing threads detected

=== AUTO-SAVING PARAMETERS ===
Parameter file path: C:/Users/ariAccount/Desktop/9999_1_Processed\cache_data\processing_parameters.json
[DEBUG] Successfully loaded existing parameters from: C:/Users/ariAccount/Desktop/9999_1_Processed\cache_data\processing_parameters.json

==== START: Parameter Extraction ====
Controller type: <class '__main__.MainApplication'>
Controller state keys: ['input_dir', 'output_dir', 'animal', 'session', 'results', 'session_log_path', 'dataset_output_path', 'cache_path', 'n_workers', 'memory_limit', 'initialized', 'dask_dashboard_url']
Results keys: ['processing_parameters', 'step2a_chunking_info', 'step2a_varr', 'step2b', 'step2b_varr_ref', 'step2c', 'step2c_motion', 'step2e_Y', 'step1_setup', 'step1', 'step2a_video_loading', 'step2a', 'step2b_processing', 'step2c_motion_estimation', 'step2d_erroneous_frames', 'step2d', 'step2e', 'step2e_Y_fm_chk', 'step2e_Y_hw_chk', 'step2f', 'step3a', 'step3a_Y_fm_cropped', 'step3a_Y_hw_cropped']
Final parameter keys: ['step1_setup', 'step2a_video_loading', 'step2b_processing', 'step2c_motion_estimation', 'step2d_erroneous_frames', 'step2e_transformation', 'step3a_cropping']
[DEBUG] Saving parameters with steps: ['step1_setup', 'step2a_video_loading', 'step2b_processing', 'step2c_motion_estimation', 'step2d_erroneous_frames', 'step2e_transformation', 'step3a_cropping']
[DEBUG] Parameters saved to: C:/Users/ariAccount/Desktop/9999_1_Processed\cache_data\processing_parameters.json
Parameters saved successfully: True
[DEBUG] Starting NNDSVD visualization...
[DEBUG] Clearing figure...
[DEBUG] Creating subplots...
[DEBUG] Plotting singular values...
[DEBUG] Plotting spatial component...
[DEBUG] Setting title and drawing...
[DEBUG] Plot drawn successfully.

[processing detection] No active processing threads detected

=== AUTO-SAVING PARAMETERS ===
Parameter file path: C:/Users/ariAccount/Desktop/9999_1_Processed\cache_data\processing_parameters.json
[DEBUG] Successfully loaded existing parameters from: C:/Users/ariAccount/Desktop/9999_1_Processed\cache_data\processing_parameters.json

==== START: Parameter Extraction ====
Controller type: <class '__main__.MainApplication'>
Controller state keys: ['input_dir', 'output_dir', 'animal', 'session', 'results', 'session_log_path', 'dataset_output_path', 'cache_path', 'n_workers', 'memory_limit', 'initialized', 'dask_dashboard_url']
Results keys: ['processing_parameters', 'step2a_chunking_info', 'step2a_varr', 'step2b', 'step2b_varr_ref', 'step2c', 'step2c_motion', 'step2e_Y', 'step1_setup', 'step1', 'step2a_video_loading', 'step2a', 'step2b_processing', 'step2c_motion_estimation', 'step2d_erroneous_frames', 'step2d', 'step2e', 'step2e_Y_fm_chk', 'step2e_Y_hw_chk', 'step2f', 'step3a', 'step3a_Y_fm_cropped', 'step3a_Y_hw_cropped', 'step3b', 'step3b_A_init', 'step3b_C_init', 'step3b_b', 'step3b_f', 'step3b_A', 'step3b_C', 'step3b_nndsvd_results']
Final parameter keys: ['step1_setup', 'step2a_video_loading', 'step2b_processing', 'step2c_motion_estimation', 'step2d_erroneous_frames', 'step2e_transformation', 'step3a_cropping', 'step3b_svd']
[DEBUG] Saving parameters with steps: ['step1_setup', 'step2a_video_loading', 'step2b_processing', 'step2c_motion_estimation', 'step2d_erroneous_frames', 'step2e_transformation', 'step3a_cropping', 'step3b_svd']
[DEBUG] Parameters saved to: C:/Users/ariAccount/Desktop/9999_1_Processed\cache_data\processing_parameters.json
Parameters saved successfully: True
[DEBUG] Top-level results keys: ['processing_parameters', 'step2a_chunking_info', 'step2a_varr', 'step2b', 'step2b_varr_ref', 'step2c', 'step2c_motion', 'step2e_Y', 'step1_setup', 'step1', 'step2a_video_loading', 'step2a', 'step2b_processing', 'step2c_motion_estimation', 'step2d_erroneous_frames', 'step2d', 'step2e', 'step2e_Y_fm_chk', 'step2e_Y_hw_chk', 'step2f', 'step3a', 'step3a_Y_fm_cropped', 'step3a_Y_hw_cropped', 'step3b', 'step3b_A_init', 'step3b_C_init', 'step3b_b', 'step3b_f', 'step3b_A', 'step3b_C', 'step3b_nndsvd_results']
[DEBUG] Top-level results keys: ['processing_parameters', 'step2a_chunking_info', 'step2a_varr', 'step2b', 'step2b_varr_ref', 'step2c', 'step2c_motion', 'step2e_Y', 'step1_setup', 'step1', 'step2a_video_loading', 'step2a', 'step2b_processing', 'step2c_motion_estimation', 'step2d_erroneous_frames', 'step2d', 'step2e', 'step2e_Y_fm_chk', 'step2e_Y_hw_chk', 'step2f', 'step3a', 'step3a_Y_fm_cropped', 'step3a_Y_hw_cropped', 'step3b', 'step3b_A_init', 'step3b_C_init', 'step3b_b', 'step3b_f', 'step3b_A', 'step3b_C', 'step3b_nndsvd_results']
Starting SVD component analysis...
Available SVD result keys: ['step3b_U', 'step3b_S', 'step3b_Vt', 'step3b_W', 'step3b_H']
Using step3b_U/S/Vt keys for SVD results
Found W/H matrices in memory
Creating overview plots...
Creating background analysis...
Background analysis completed.
created component metrics
Creating component metrics plots...
Showing details for component 1...
C:\Users\ariAccount\Desktop\MPS_1.0.0\steps\step3c_svd_analysis.py:571: UserWarning: This figure includes Axes that are not compatible with tight_layout, so results might be incorrect.
  self.details_fig.tight_layout()
NNDSVD component analysis completed successfully
Saved component statistics to C:/Users/ariAccount/Desktop/9999_1_Processed\cache_data\step3c_svd_component_stats.csv

[processing detection] No active processing threads detected

=== AUTO-SAVING PARAMETERS ===
Parameter file path: C:/Users/ariAccount/Desktop/9999_1_Processed\cache_data\processing_parameters.json
[DEBUG] Successfully loaded existing parameters from: C:/Users/ariAccount/Desktop/9999_1_Processed\cache_data\processing_parameters.json

==== START: Parameter Extraction ====
Controller type: <class '__main__.MainApplication'>
Controller state keys: ['input_dir', 'output_dir', 'animal', 'session', 'results', 'session_log_path', 'dataset_output_path', 'cache_path', 'n_workers', 'memory_limit', 'initialized', 'dask_dashboard_url']
Results keys: ['processing_parameters', 'step2a_chunking_info', 'step2a_varr', 'step2b', 'step2b_varr_ref', 'step2c', 'step2c_motion', 'step2e_Y', 'step1_setup', 'step1', 'step2a_video_loading', 'step2a', 'step2b_processing', 'step2c_motion_estimation', 'step2d_erroneous_frames', 'step2d', 'step2e', 'step2e_Y_fm_chk', 'step2e_Y_hw_chk', 'step2f', 'step3a', 'step3a_Y_fm_cropped', 'step3a_Y_hw_cropped', 'step3b', 'step3b_A_init', 'step3b_C_init', 'step3b_b', 'step3b_f', 'step3b_A', 'step3b_C', 'step3b_nndsvd_results']
Final parameter keys: ['step1_setup', 'step2a_video_loading', 'step2b_processing', 'step2c_motion_estimation', 'step2d_erroneous_frames', 'step2e_transformation', 'step3a_cropping', 'step3b_svd']
[DEBUG] Saving parameters with steps: ['step1_setup', 'step2a_video_loading', 'step2b_processing', 'step2c_motion_estimation', 'step2d_erroneous_frames', 'step2e_transformation', 'step3a_cropping', 'step3b_svd']
[DEBUG] Parameters saved to: C:/Users/ariAccount/Desktop/9999_1_Processed\cache_data\processing_parameters.json
Parameters saved successfully: True

=== AUTO-SAVING PARAMETERS ===
Parameter file path: C:/Users/ariAccount/Desktop/9999_1_Processed\cache_data\processing_parameters.json
[DEBUG] Successfully loaded existing parameters from: C:/Users/ariAccount/Desktop/9999_1_Processed\cache_data\processing_parameters.json

==== START: Parameter Extraction ====
Controller type: <class '__main__.MainApplication'>
Controller state keys: ['input_dir', 'output_dir', 'animal', 'session', 'results', 'session_log_path', 'dataset_output_path', 'cache_path', 'n_workers', 'memory_limit', 'initialized', 'dask_dashboard_url']
Results keys: ['processing_parameters', 'step2a_chunking_info', 'step2a_varr', 'step2b', 'step2b_varr_ref', 'step2c', 'step2c_motion', 'step2e_Y', 'step1_setup', 'step1', 'step2a_video_loading', 'step2a', 'step2b_processing', 'step2c_motion_estimation', 'step2d_erroneous_frames', 'step2d', 'step2e', 'step2e_Y_fm_chk', 'step2e_Y_hw_chk', 'step2f', 'step3a', 'step3a_Y_fm_cropped', 'step3a_Y_hw_cropped', 'step3b', 'step3b_A_init', 'step3b_C_init', 'step3b_b', 'step3b_f', 'step3b_A', 'step3b_C', 'step3b_nndsvd_results', 'step4a']
Final parameter keys: ['step1_setup', 'step2a_video_loading', 'step2b_processing', 'step2c_motion_estimation', 'step2d_erroneous_frames', 'step2e_transformation', 'step3a_cropping', 'step3b_svd', 'step4a_watershed_search']
[DEBUG] Saving parameters with steps: ['step1_setup', 'step2a_video_loading', 'step2b_processing', 'step2c_motion_estimation', 'step2d_erroneous_frames', 'step2e_transformation', 'step3a_cropping', 'step3b_svd', 'step4a_watershed_search']
[DEBUG] Parameters saved to: C:/Users/ariAccount/Desktop/9999_1_Processed\cache_data\processing_parameters.json
Parameters saved successfully: True

[processing detection] Active threads (non-background):
  • Thread-7 (alive=True, daemon=True)

[processing detection] No active processing threads detected

=== AUTO-SAVING PARAMETERS ===
Parameter file path: C:/Users/ariAccount/Desktop/9999_1_Processed\cache_data\processing_parameters.json
[DEBUG] Successfully loaded existing parameters from: C:/Users/ariAccount/Desktop/9999_1_Processed\cache_data\processing_parameters.json

==== START: Parameter Extraction ====
Controller type: <class '__main__.MainApplication'>
Controller state keys: ['input_dir', 'output_dir', 'animal', 'session', 'results', 'session_log_path', 'dataset_output_path', 'cache_path', 'n_workers', 'memory_limit', 'initialized', 'dask_dashboard_url']
Results keys: ['processing_parameters', 'step2a_chunking_info', 'step2a_varr', 'step2b', 'step2b_varr_ref', 'step2c', 'step2c_motion', 'step2e_Y', 'step1_setup', 'step1', 'step2a_video_loading', 'step2a', 'step2b_processing', 'step2c_motion_estimation', 'step2d_erroneous_frames', 'step2d', 'step2e', 'step2e_Y_fm_chk', 'step2e_Y_hw_chk', 'step2f', 'step3a', 'step3a_Y_fm_cropped', 'step3a_Y_hw_cropped', 'step3b', 'step3b_A_init', 'step3b_C_init', 'step3b_b', 'step3b_f', 'step3b_A', 'step3b_C', 'step3b_nndsvd_results', 'step4a']
Final parameter keys: ['step1_setup', 'step2a_video_loading', 'step2b_processing', 'step2c_motion_estimation', 'step2d_erroneous_frames', 'step2e_transformation', 'step3a_cropping', 'step3b_svd', 'step4a_watershed_search']
[DEBUG] Saving parameters with steps: ['step1_setup', 'step2a_video_loading', 'step2b_processing', 'step2c_motion_estimation', 'step2d_erroneous_frames', 'step2e_transformation', 'step3a_cropping', 'step3b_svd', 'step4a_watershed_search']
[DEBUG] Parameters saved to: C:/Users/ariAccount/Desktop/9999_1_Processed\cache_data\processing_parameters.json
Parameters saved successfully: True

=== AUTO-SAVING PARAMETERS ===
Parameter file path: C:/Users/ariAccount/Desktop/9999_1_Processed\cache_data\processing_parameters.json
[DEBUG] Successfully loaded existing parameters from: C:/Users/ariAccount/Desktop/9999_1_Processed\cache_data\processing_parameters.json

==== START: Parameter Extraction ====
Controller type: <class '__main__.MainApplication'>
Controller state keys: ['input_dir', 'output_dir', 'animal', 'session', 'results', 'session_log_path', 'dataset_output_path', 'cache_path', 'n_workers', 'memory_limit', 'initialized', 'dask_dashboard_url']
Results keys: ['processing_parameters', 'step2a_chunking_info', 'step2a_varr', 'step2b', 'step2b_varr_ref', 'step2c', 'step2c_motion', 'step2e_Y', 'step1_setup', 'step1', 'step2a_video_loading', 'step2a', 'step2b_processing', 'step2c_motion_estimation', 'step2d_erroneous_frames', 'step2d', 'step2e', 'step2e_Y_fm_chk', 'step2e_Y_hw_chk', 'step2f', 'step3a', 'step3a_Y_fm_cropped', 'step3a_Y_hw_cropped', 'step3b', 'step3b_A_init', 'step3b_C_init', 'step3b_b', 'step3b_f', 'step3b_A', 'step3b_C', 'step3b_nndsvd_results', 'step4a', 'step4b', 'step4b_separated_components']
Final parameter keys: ['step1_setup', 'step2a_video_loading', 'step2b_processing', 'step2c_motion_estimation', 'step2d_erroneous_frames', 'step2e_transformation', 'step3a_cropping', 'step3b_svd', 'step4a_watershed_search', 'step4b_watershed_segmentation']
[DEBUG] Saving parameters with steps: ['step1_setup', 'step2a_video_loading', 'step2b_processing', 'step2c_motion_estimation', 'step2d_erroneous_frames', 'step2e_transformation', 'step3a_cropping', 'step3b_svd', 'step4a_watershed_search', 'step4b_watershed_segmentation']
[DEBUG] Parameters saved to: C:/Users/ariAccount/Desktop/9999_1_Processed\cache_data\processing_parameters.json
Parameters saved successfully: True

[processing detection] No active processing threads detected

=== AUTO-SAVING PARAMETERS ===
Parameter file path: C:/Users/ariAccount/Desktop/9999_1_Processed\cache_data\processing_parameters.json
[DEBUG] Successfully loaded existing parameters from: C:/Users/ariAccount/Desktop/9999_1_Processed\cache_data\processing_parameters.json

==== START: Parameter Extraction ====
Controller type: <class '__main__.MainApplication'>
Controller state keys: ['input_dir', 'output_dir', 'animal', 'session', 'results', 'session_log_path', 'dataset_output_path', 'cache_path', 'n_workers', 'memory_limit', 'initialized', 'dask_dashboard_url']
Results keys: ['processing_parameters', 'step2a_chunking_info', 'step2a_varr', 'step2b', 'step2b_varr_ref', 'step2c', 'step2c_motion', 'step2e_Y', 'step1_setup', 'step1', 'step2a_video_loading', 'step2a', 'step2b_processing', 'step2c_motion_estimation', 'step2d_erroneous_frames', 'step2d', 'step2e', 'step2e_Y_fm_chk', 'step2e_Y_hw_chk', 'step2f', 'step3a', 'step3a_Y_fm_cropped', 'step3a_Y_hw_cropped', 'step3b', 'step3b_A_init', 'step3b_C_init', 'step3b_b', 'step3b_f', 'step3b_A', 'step3b_C', 'step3b_nndsvd_results', 'step4a', 'step4b', 'step4b_separated_components']
Final parameter keys: ['step1_setup', 'step2a_video_loading', 'step2b_processing', 'step2c_motion_estimation', 'step2d_erroneous_frames', 'step2e_transformation', 'step3a_cropping', 'step3b_svd', 'step4a_watershed_search', 'step4b_watershed_segmentation']
[DEBUG] Saving parameters with steps: ['step1_setup', 'step2a_video_loading', 'step2b_processing', 'step2c_motion_estimation', 'step2d_erroneous_frames', 'step2e_transformation', 'step3a_cropping', 'step3b_svd', 'step4a_watershed_search', 'step4b_watershed_segmentation']
[DEBUG] Parameters saved to: C:/Users/ariAccount/Desktop/9999_1_Processed\cache_data\processing_parameters.json
Parameters saved successfully: True

=== AUTO-SAVING PARAMETERS ===
Parameter file path: C:/Users/ariAccount/Desktop/9999_1_Processed\cache_data\processing_parameters.json
[DEBUG] Successfully loaded existing parameters from: C:/Users/ariAccount/Desktop/9999_1_Processed\cache_data\processing_parameters.json

==== START: Parameter Extraction ====
Controller type: <class '__main__.MainApplication'>
Controller state keys: ['input_dir', 'output_dir', 'animal', 'session', 'results', 'session_log_path', 'dataset_output_path', 'cache_path', 'n_workers', 'memory_limit', 'initialized', 'dask_dashboard_url']
Results keys: ['processing_parameters', 'step2a_chunking_info', 'step2a_varr', 'step2b', 'step2b_varr_ref', 'step2c', 'step2c_motion', 'step2e_Y', 'step1_setup', 'step1', 'step2a_video_loading', 'step2a', 'step2b_processing', 'step2c_motion_estimation', 'step2d_erroneous_frames', 'step2d', 'step2e', 'step2e_Y_fm_chk', 'step2e_Y_hw_chk', 'step2f', 'step3a', 'step3a_Y_fm_cropped', 'step3a_Y_hw_cropped', 'step3b', 'step3b_A_init', 'step3b_C_init', 'step3b_b', 'step3b_f', 'step3b_A', 'step3b_C', 'step3b_nndsvd_results', 'step4a', 'step4b', 'step4b_separated_components', 'step4c']
Final parameter keys: ['step1_setup', 'step2a_video_loading', 'step2b_processing', 'step2c_motion_estimation', 'step2d_erroneous_frames', 'step2e_transformation', 'step3a_cropping', 'step3b_svd', 'step4a_watershed_search', 'step4b_watershed_segmentation', 'step4c_merging_units']
[DEBUG] Saving parameters with steps: ['step1_setup', 'step2a_video_loading', 'step2b_processing', 'step2c_motion_estimation', 'step2d_erroneous_frames', 'step2e_transformation', 'step3a_cropping', 'step3b_svd', 'step4a_watershed_search', 'step4b_watershed_segmentation', 'step4c_merging_units']
[DEBUG] Parameters saved to: C:/Users/ariAccount/Desktop/9999_1_Processed\cache_data\processing_parameters.json
Parameters saved successfully: True
DEBUG: Saved merged components to C:/Users/ariAccount/Desktop/9999_1_Processed\cache_data/step4c_merged_components.zarr

[processing detection] No active processing threads detected

=== AUTO-SAVING PARAMETERS ===
Parameter file path: C:/Users/ariAccount/Desktop/9999_1_Processed\cache_data\processing_parameters.json
[DEBUG] Successfully loaded existing parameters from: C:/Users/ariAccount/Desktop/9999_1_Processed\cache_data\processing_parameters.json

==== START: Parameter Extraction ====
Controller type: <class '__main__.MainApplication'>
Controller state keys: ['input_dir', 'output_dir', 'animal', 'session', 'results', 'session_log_path', 'dataset_output_path', 'cache_path', 'n_workers', 'memory_limit', 'initialized', 'dask_dashboard_url']
Results keys: ['processing_parameters', 'step2a_chunking_info', 'step2a_varr', 'step2b', 'step2b_varr_ref', 'step2c', 'step2c_motion', 'step2e_Y', 'step1_setup', 'step1', 'step2a_video_loading', 'step2a', 'step2b_processing', 'step2c_motion_estimation', 'step2d_erroneous_frames', 'step2d', 'step2e', 'step2e_Y_fm_chk', 'step2e_Y_hw_chk', 'step2f', 'step3a', 'step3a_Y_fm_cropped', 'step3a_Y_hw_cropped', 'step3b', 'step3b_A_init', 'step3b_C_init', 'step3b_b', 'step3b_f', 'step3b_A', 'step3b_C', 'step3b_nndsvd_results', 'step4a', 'step4b', 'step4b_separated_components', 'step4c']
Final parameter keys: ['step1_setup', 'step2a_video_loading', 'step2b_processing', 'step2c_motion_estimation', 'step2d_erroneous_frames', 'step2e_transformation', 'step3a_cropping', 'step3b_svd', 'step4a_watershed_search', 'step4b_watershed_segmentation', 'step4c_merging_units']
[DEBUG] Saving parameters with steps: ['step1_setup', 'step2a_video_loading', 'step2b_processing', 'step2c_motion_estimation', 'step2d_erroneous_frames', 'step2e_transformation', 'step3a_cropping', 'step3b_svd', 'step4a_watershed_search', 'step4b_watershed_segmentation', 'step4c_merging_units']
[DEBUG] Parameters saved to: C:/Users/ariAccount/Desktop/9999_1_Processed\cache_data\processing_parameters.json
Parameters saved successfully: True
DEBUG: Results keys: ['processing_parameters', 'step2a_chunking_info', 'step2a_varr', 'step2b', 'step2b_varr_ref', 'step2c', 'step2c_motion', 'step2e_Y', 'step1_setup', 'step1', 'step2a_video_loading', 'step2a', 'step2b_processing', 'step2c_motion_estimation', 'step2d_erroneous_frames', 'step2d', 'step2e', 'step2e_Y_fm_chk', 'step2e_Y_hw_chk', 'step2f', 'step3a', 'step3a_Y_fm_cropped', 'step3a_Y_hw_cropped', 'step3b', 'step3b_A_init', 'step3b_C_init', 'step3b_b', 'step3b_f', 'step3b_A', 'step3b_C', 'step3b_nndsvd_results', 'step4a', 'step4b', 'step4b_separated_components', 'step4c']

=== AUTO-SAVING PARAMETERS ===
Parameter file path: C:/Users/ariAccount/Desktop/9999_1_Processed\cache_data\processing_parameters.json
[DEBUG] Successfully loaded existing parameters from: C:/Users/ariAccount/Desktop/9999_1_Processed\cache_data\processing_parameters.json

==== START: Parameter Extraction ====
Controller type: <class '__main__.MainApplication'>
Controller state keys: ['input_dir', 'output_dir', 'animal', 'session', 'results', 'session_log_path', 'dataset_output_path', 'cache_path', 'n_workers', 'memory_limit', 'initialized', 'dask_dashboard_url']
Results keys: ['processing_parameters', 'step2a_chunking_info', 'step2a_varr', 'step2b', 'step2b_varr_ref', 'step2c', 'step2c_motion', 'step2e_Y', 'step1_setup', 'step1', 'step2a_video_loading', 'step2a', 'step2b_processing', 'step2c_motion_estimation', 'step2d_erroneous_frames', 'step2d', 'step2e', 'step2e_Y_fm_chk', 'step2e_Y_hw_chk', 'step2f', 'step3a', 'step3a_Y_fm_cropped', 'step3a_Y_hw_cropped', 'step3b', 'step3b_A_init', 'step3b_C_init', 'step3b_b', 'step3b_f', 'step3b_A', 'step3b_C', 'step3b_nndsvd_results', 'step4a', 'step4b', 'step4b_separated_components', 'step4c', 'step4d']
Final parameter keys: ['step1_setup', 'step2a_video_loading', 'step2b_processing', 'step2c_motion_estimation', 'step2d_erroneous_frames', 'step2e_transformation', 'step3a_cropping', 'step3b_svd', 'step4a_watershed_search', 'step4b_watershed_segmentation', 'step4c_merging_units', 'step4d_temporal_signals']
[DEBUG] Saving parameters with steps: ['step1_setup', 'step2a_video_loading', 'step2b_processing', 'step2c_motion_estimation', 'step2d_erroneous_frames', 'step2e_transformation', 'step3a_cropping', 'step3b_svd', 'step4a_watershed_search', 'step4b_watershed_segmentation', 'step4c_merging_units', 'step4d_temporal_signals']
[DEBUG] Parameters saved to: C:/Users/ariAccount/Desktop/9999_1_Processed\cache_data\processing_parameters.json
Parameters saved successfully: True
DEBUG: Saved temporal components to C:/Users/ariAccount/Desktop/9999_1_Processed\cache_data

[processing detection] No active processing threads detected

=== AUTO-SAVING PARAMETERS ===
Parameter file path: C:/Users/ariAccount/Desktop/9999_1_Processed\cache_data\processing_parameters.json
[DEBUG] Successfully loaded existing parameters from: C:/Users/ariAccount/Desktop/9999_1_Processed\cache_data\processing_parameters.json

==== START: Parameter Extraction ====
Controller type: <class '__main__.MainApplication'>
Controller state keys: ['input_dir', 'output_dir', 'animal', 'session', 'results', 'session_log_path', 'dataset_output_path', 'cache_path', 'n_workers', 'memory_limit', 'initialized', 'dask_dashboard_url']
Results keys: ['processing_parameters', 'step2a_chunking_info', 'step2a_varr', 'step2b', 'step2b_varr_ref', 'step2c', 'step2c_motion', 'step2e_Y', 'step1_setup', 'step1', 'step2a_video_loading', 'step2a', 'step2b_processing', 'step2c_motion_estimation', 'step2d_erroneous_frames', 'step2d', 'step2e', 'step2e_Y_fm_chk', 'step2e_Y_hw_chk', 'step2f', 'step3a', 'step3a_Y_fm_cropped', 'step3a_Y_hw_cropped', 'step3b', 'step3b_A_init', 'step3b_C_init', 'step3b_b', 'step3b_f', 'step3b_A', 'step3b_C', 'step3b_nndsvd_results', 'step4a', 'step4b', 'step4b_separated_components', 'step4c', 'step4d']
Final parameter keys: ['step1_setup', 'step2a_video_loading', 'step2b_processing', 'step2c_motion_estimation', 'step2d_erroneous_frames', 'step2e_transformation', 'step3a_cropping', 'step3b_svd', 'step4a_watershed_search', 'step4b_watershed_segmentation', 'step4c_merging_units', 'step4d_temporal_signals']
[DEBUG] Saving parameters with steps: ['step1_setup', 'step2a_video_loading', 'step2b_processing', 'step2c_motion_estimation', 'step2d_erroneous_frames', 'step2e_transformation', 'step3a_cropping', 'step3b_svd', 'step4a_watershed_search', 'step4b_watershed_segmentation', 'step4c_merging_units', 'step4d_temporal_signals']
[DEBUG] Parameters saved to: C:/Users/ariAccount/Desktop/9999_1_Processed\cache_data\processing_parameters.json
Parameters saved successfully: True

=== AUTO-SAVING PARAMETERS ===
Parameter file path: C:/Users/ariAccount/Desktop/9999_1_Processed\cache_data\processing_parameters.json
[DEBUG] Successfully loaded existing parameters from: C:/Users/ariAccount/Desktop/9999_1_Processed\cache_data\processing_parameters.json

==== START: Parameter Extraction ====
Controller type: <class '__main__.MainApplication'>
Controller state keys: ['input_dir', 'output_dir', 'animal', 'session', 'results', 'session_log_path', 'dataset_output_path', 'cache_path', 'n_workers', 'memory_limit', 'initialized', 'dask_dashboard_url']
Results keys: ['processing_parameters', 'step2a_chunking_info', 'step2a_varr', 'step2b', 'step2b_varr_ref', 'step2c', 'step2c_motion', 'step2e_Y', 'step1_setup', 'step1', 'step2a_video_loading', 'step2a', 'step2b_processing', 'step2c_motion_estimation', 'step2d_erroneous_frames', 'step2d', 'step2e', 'step2e_Y_fm_chk', 'step2e_Y_hw_chk', 'step2f', 'step3a', 'step3a_Y_fm_cropped', 'step3a_Y_hw_cropped', 'step3b', 'step3b_A_init', 'step3b_C_init', 'step3b_b', 'step3b_f', 'step3b_A', 'step3b_C', 'step3b_nndsvd_results', 'step4a', 'step4b', 'step4b_separated_components', 'step4c', 'step4d', 'step4e', 'step4e_A_pre_CNMF', 'step4e_C_pre_CNMF']
Final parameter keys: ['step1_setup', 'step2a_video_loading', 'step2b_processing', 'step2c_motion_estimation', 'step2d_erroneous_frames', 'step2e_transformation', 'step3a_cropping', 'step3b_svd', 'step4a_watershed_search', 'step4b_watershed_segmentation', 'step4c_merging_units', 'step4d_temporal_signals', 'step4e_ac_initialization']
[DEBUG] Saving parameters with steps: ['step1_setup', 'step2a_video_loading', 'step2b_processing', 'step2c_motion_estimation', 'step2d_erroneous_frames', 'step2e_transformation', 'step3a_cropping', 'step3b_svd', 'step4a_watershed_search', 'step4b_watershed_segmentation', 'step4c_merging_units', 'step4d_temporal_signals', 'step4e_ac_initialization']
[DEBUG] Parameters saved to: C:/Users/ariAccount/Desktop/9999_1_Processed\cache_data\processing_parameters.json
Parameters saved successfully: True
DEBUG: Saved A matrix to C:/Users/ariAccount/Desktop/9999_1_Processed\cache_data/step4e_A_pre_CNMF.zarr
DEBUG: Saved C matrix to C:/Users/ariAccount/Desktop/9999_1_Processed\cache_data/step4e_C_pre_CNMF.zarr

[processing detection] No active processing threads detected

=== AUTO-SAVING PARAMETERS ===
Parameter file path: C:/Users/ariAccount/Desktop/9999_1_Processed\cache_data\processing_parameters.json
[DEBUG] Successfully loaded existing parameters from: C:/Users/ariAccount/Desktop/9999_1_Processed\cache_data\processing_parameters.json

==== START: Parameter Extraction ====
Controller type: <class '__main__.MainApplication'>
Controller state keys: ['input_dir', 'output_dir', 'animal', 'session', 'results', 'session_log_path', 'dataset_output_path', 'cache_path', 'n_workers', 'memory_limit', 'initialized', 'dask_dashboard_url']
Results keys: ['processing_parameters', 'step2a_chunking_info', 'step2a_varr', 'step2b', 'step2b_varr_ref', 'step2c', 'step2c_motion', 'step2e_Y', 'step1_setup', 'step1', 'step2a_video_loading', 'step2a', 'step2b_processing', 'step2c_motion_estimation', 'step2d_erroneous_frames', 'step2d', 'step2e', 'step2e_Y_fm_chk', 'step2e_Y_hw_chk', 'step2f', 'step3a', 'step3a_Y_fm_cropped', 'step3a_Y_hw_cropped', 'step3b', 'step3b_A_init', 'step3b_C_init', 'step3b_b', 'step3b_f', 'step3b_A', 'step3b_C', 'step3b_nndsvd_results', 'step4a', 'step4b', 'step4b_separated_components', 'step4c', 'step4d', 'step4e', 'step4e_A_pre_CNMF', 'step4e_C_pre_CNMF']
Final parameter keys: ['step1_setup', 'step2a_video_loading', 'step2b_processing', 'step2c_motion_estimation', 'step2d_erroneous_frames', 'step2e_transformation', 'step3a_cropping', 'step3b_svd', 'step4a_watershed_search', 'step4b_watershed_segmentation', 'step4c_merging_units', 'step4d_temporal_signals', 'step4e_ac_initialization']
[DEBUG] Saving parameters with steps: ['step1_setup', 'step2a_video_loading', 'step2b_processing', 'step2c_motion_estimation', 'step2d_erroneous_frames', 'step2e_transformation', 'step3a_cropping', 'step3b_svd', 'step4a_watershed_search', 'step4b_watershed_segmentation', 'step4c_merging_units', 'step4d_temporal_signals', 'step4e_ac_initialization']
[DEBUG] Parameters saved to: C:/Users/ariAccount/Desktop/9999_1_Processed\cache_data\processing_parameters.json
Parameters saved successfully: True

[processing detection] No active processing threads detected

=== AUTO-SAVING PARAMETERS ===
Parameter file path: C:/Users/ariAccount/Desktop/9999_1_Processed\cache_data\processing_parameters.json
[DEBUG] Successfully loaded existing parameters from: C:/Users/ariAccount/Desktop/9999_1_Processed\cache_data\processing_parameters.json

==== START: Parameter Extraction ====
Controller type: <class '__main__.MainApplication'>
Controller state keys: ['input_dir', 'output_dir', 'animal', 'session', 'results', 'session_log_path', 'dataset_output_path', 'cache_path', 'n_workers', 'memory_limit', 'initialized', 'dask_dashboard_url']
Results keys: ['processing_parameters', 'step2a_chunking_info', 'step2a_varr', 'step2b', 'step2b_varr_ref', 'step2c', 'step2c_motion', 'step2e_Y', 'step1_setup', 'step1', 'step2a_video_loading', 'step2a', 'step2b_processing', 'step2c_motion_estimation', 'step2d_erroneous_frames', 'step2d', 'step2e', 'step2e_Y_fm_chk', 'step2e_Y_hw_chk', 'step2f', 'step3a', 'step3a_Y_fm_cropped', 'step3a_Y_hw_cropped', 'step3b', 'step3b_A_init', 'step3b_C_init', 'step3b_b', 'step3b_f', 'step3b_A', 'step3b_C', 'step3b_nndsvd_results', 'step4a', 'step4b', 'step4b_separated_components', 'step4c', 'step4d', 'step4e', 'step4e_A_pre_CNMF', 'step4e_C_pre_CNMF', 'step4f', 'step4f_A_clean', 'step4f_C_clean']
Final parameter keys: ['step1_setup', 'step2a_video_loading', 'step2b_processing', 'step2c_motion_estimation', 'step2d_erroneous_frames', 'step2e_transformation', 'step3a_cropping', 'step3b_svd', 'step4a_watershed_search', 'step4b_watershed_segmentation', 'step4c_merging_units', 'step4d_temporal_signals', 'step4e_ac_initialization', 'step4f_dropping_nans']
[DEBUG] Saving parameters with steps: ['step1_setup', 'step2a_video_loading', 'step2b_processing', 'step2c_motion_estimation', 'step2d_erroneous_frames', 'step2e_transformation', 'step3a_cropping', 'step3b_svd', 'step4a_watershed_search', 'step4b_watershed_segmentation', 'step4c_merging_units', 'step4d_temporal_signals', 'step4e_ac_initialization', 'step4f_dropping_nans']
[DEBUG] Parameters saved to: C:/Users/ariAccount/Desktop/9999_1_Processed\cache_data\processing_parameters.json
Parameters saved successfully: True

=== AUTO-SAVING PARAMETERS ===
Parameter file path: C:/Users/ariAccount/Desktop/9999_1_Processed\cache_data\processing_parameters.json
[DEBUG] Successfully loaded existing parameters from: C:/Users/ariAccount/Desktop/9999_1_Processed\cache_data\processing_parameters.json

==== START: Parameter Extraction ====
Controller type: <class '__main__.MainApplication'>
Controller state keys: ['input_dir', 'output_dir', 'animal', 'session', 'results', 'session_log_path', 'dataset_output_path', 'cache_path', 'n_workers', 'memory_limit', 'initialized', 'dask_dashboard_url']
Results keys: ['processing_parameters', 'step2a_chunking_info', 'step2a_varr', 'step2b', 'step2b_varr_ref', 'step2c', 'step2c_motion', 'step2e_Y', 'step1_setup', 'step1', 'step2a_video_loading', 'step2a', 'step2b_processing', 'step2c_motion_estimation', 'step2d_erroneous_frames', 'step2d', 'step2e', 'step2e_Y_fm_chk', 'step2e_Y_hw_chk', 'step2f', 'step3a', 'step3a_Y_fm_cropped', 'step3a_Y_hw_cropped', 'step3b', 'step3b_A_init', 'step3b_C_init', 'step3b_b', 'step3b_f', 'step3b_A', 'step3b_C', 'step3b_nndsvd_results', 'step4a', 'step4b', 'step4b_separated_components', 'step4c', 'step4d', 'step4e', 'step4e_A_pre_CNMF', 'step4e_C_pre_CNMF', 'step4f', 'step4f_A_clean', 'step4f_C_clean', 'step4g']
Final parameter keys: ['step1_setup', 'step2a_video_loading', 'step2b_processing', 'step2c_motion_estimation', 'step2d_erroneous_frames', 'step2e_transformation', 'step3a_cropping', 'step3b_svd', 'step4a_watershed_search', 'step4b_watershed_segmentation', 'step4c_merging_units', 'step4d_temporal_signals', 'step4e_ac_initialization', 'step4f_dropping_nans', 'step4g_temporal_merging']
[DEBUG] Saving parameters with steps: ['step1_setup', 'step2a_video_loading', 'step2b_processing', 'step2c_motion_estimation', 'step2d_erroneous_frames', 'step2e_transformation', 'step3a_cropping', 'step3b_svd', 'step4a_watershed_search', 'step4b_watershed_segmentation', 'step4c_merging_units', 'step4d_temporal_signals', 'step4e_ac_initialization', 'step4f_dropping_nans', 'step4g_temporal_merging']
[DEBUG] Parameters saved to: C:/Users/ariAccount/Desktop/9999_1_Processed\cache_data\processing_parameters.json
Parameters saved successfully: True
DEBUG: Saved merged A matrix to C:/Users/ariAccount/Desktop/9999_1_Processed\cache_data/step4g_A_merged.zarr
DEBUG: Saved merged C matrix to C:/Users/ariAccount/Desktop/9999_1_Processed\cache_data/step4g_C_merged.zarr

[processing detection] No active processing threads detected

=== AUTO-SAVING PARAMETERS ===
Parameter file path: C:/Users/ariAccount/Desktop/9999_1_Processed\cache_data\processing_parameters.json
[DEBUG] Successfully loaded existing parameters from: C:/Users/ariAccount/Desktop/9999_1_Processed\cache_data\processing_parameters.json

==== START: Parameter Extraction ====
Controller type: <class '__main__.MainApplication'>
Controller state keys: ['input_dir', 'output_dir', 'animal', 'session', 'results', 'session_log_path', 'dataset_output_path', 'cache_path', 'n_workers', 'memory_limit', 'initialized', 'dask_dashboard_url']
Results keys: ['processing_parameters', 'step2a_chunking_info', 'step2a_varr', 'step2b', 'step2b_varr_ref', 'step2c', 'step2c_motion', 'step2e_Y', 'step1_setup', 'step1', 'step2a_video_loading', 'step2a', 'step2b_processing', 'step2c_motion_estimation', 'step2d_erroneous_frames', 'step2d', 'step2e', 'step2e_Y_fm_chk', 'step2e_Y_hw_chk', 'step2f', 'step3a', 'step3a_Y_fm_cropped', 'step3a_Y_hw_cropped', 'step3b', 'step3b_A_init', 'step3b_C_init', 'step3b_b', 'step3b_f', 'step3b_A', 'step3b_C', 'step3b_nndsvd_results', 'step4a', 'step4b', 'step4b_separated_components', 'step4c', 'step4d', 'step4e', 'step4e_A_pre_CNMF', 'step4e_C_pre_CNMF', 'step4f', 'step4f_A_clean', 'step4f_C_clean', 'step4g']
Final parameter keys: ['step1_setup', 'step2a_video_loading', 'step2b_processing', 'step2c_motion_estimation', 'step2d_erroneous_frames', 'step2e_transformation', 'step3a_cropping', 'step3b_svd', 'step4a_watershed_search', 'step4b_watershed_segmentation', 'step4c_merging_units', 'step4d_temporal_signals', 'step4e_ac_initialization', 'step4f_dropping_nans', 'step4g_temporal_merging']
[DEBUG] Saving parameters with steps: ['step1_setup', 'step2a_video_loading', 'step2b_processing', 'step2c_motion_estimation', 'step2d_erroneous_frames', 'step2e_transformation', 'step3a_cropping', 'step3b_svd', 'step4a_watershed_search', 'step4b_watershed_segmentation', 'step4c_merging_units', 'step4d_temporal_signals', 'step4e_ac_initialization', 'step4f_dropping_nans', 'step4g_temporal_merging']
[DEBUG] Parameters saved to: C:/Users/ariAccount/Desktop/9999_1_Processed\cache_data\processing_parameters.json
Parameters saved successfully: True

=== AUTO-SAVING PARAMETERS ===
Parameter file path: C:/Users/ariAccount/Desktop/9999_1_Processed\cache_data\processing_parameters.json
[DEBUG] Successfully loaded existing parameters from: C:/Users/ariAccount/Desktop/9999_1_Processed\cache_data\processing_parameters.json

==== START: Parameter Extraction ====
Controller type: <class '__main__.MainApplication'>
Controller state keys: ['input_dir', 'output_dir', 'animal', 'session', 'results', 'session_log_path', 'dataset_output_path', 'cache_path', 'n_workers', 'memory_limit', 'initialized', 'dask_dashboard_url']
Results keys: ['processing_parameters', 'step2a_chunking_info', 'step2a_varr', 'step2b', 'step2b_varr_ref', 'step2c', 'step2c_motion', 'step2e_Y', 'step1_setup', 'step1', 'step2a_video_loading', 'step2a', 'step2b_processing', 'step2c_motion_estimation', 'step2d_erroneous_frames', 'step2d', 'step2e', 'step2e_Y_fm_chk', 'step2e_Y_hw_chk', 'step2f', 'step3a', 'step3a_Y_fm_cropped', 'step3a_Y_hw_cropped', 'step3b', 'step3b_A_init', 'step3b_C_init', 'step3b_b', 'step3b_f', 'step3b_A', 'step3b_C', 'step3b_nndsvd_results', 'step4a', 'step4b', 'step4b_separated_components', 'step4c', 'step4d', 'step4e', 'step4e_A_pre_CNMF', 'step4e_C_pre_CNMF', 'step4f', 'step4f_A_clean', 'step4f_C_clean', 'step4g', 'step5a']
Final parameter keys: ['step1_setup', 'step2a_video_loading', 'step2b_processing', 'step2c_motion_estimation', 'step2d_erroneous_frames', 'step2e_transformation', 'step3a_cropping', 'step3b_svd', 'step4a_watershed_search', 'step4b_watershed_segmentation', 'step4c_merging_units', 'step4d_temporal_signals', 'step4e_ac_initialization', 'step4f_dropping_nans', 'step4g_temporal_merging', 'step5a_noise_estimation']
[DEBUG] Saving parameters with steps: ['step1_setup', 'step2a_video_loading', 'step2b_processing', 'step2c_motion_estimation', 'step2d_erroneous_frames', 'step2e_transformation', 'step3a_cropping', 'step3b_svd', 'step4a_watershed_search', 'step4b_watershed_segmentation', 'step4c_merging_units', 'step4d_temporal_signals', 'step4e_ac_initialization', 'step4f_dropping_nans', 'step4g_temporal_merging', 'step5a_noise_estimation']
[DEBUG] Parameters saved to: C:/Users/ariAccount/Desktop/9999_1_Processed\cache_data\processing_parameters.json
Parameters saved successfully: True

[processing detection] No active processing threads detected

=== AUTO-SAVING PARAMETERS ===
Parameter file path: C:/Users/ariAccount/Desktop/9999_1_Processed\cache_data\processing_parameters.json
[DEBUG] Successfully loaded existing parameters from: C:/Users/ariAccount/Desktop/9999_1_Processed\cache_data\processing_parameters.json

==== START: Parameter Extraction ====
Controller type: <class '__main__.MainApplication'>
Controller state keys: ['input_dir', 'output_dir', 'animal', 'session', 'results', 'session_log_path', 'dataset_output_path', 'cache_path', 'n_workers', 'memory_limit', 'initialized', 'dask_dashboard_url']
Results keys: ['processing_parameters', 'step2a_chunking_info', 'step2a_varr', 'step2b', 'step2b_varr_ref', 'step2c', 'step2c_motion', 'step2e_Y', 'step1_setup', 'step1', 'step2a_video_loading', 'step2a', 'step2b_processing', 'step2c_motion_estimation', 'step2d_erroneous_frames', 'step2d', 'step2e', 'step2e_Y_fm_chk', 'step2e_Y_hw_chk', 'step2f', 'step3a', 'step3a_Y_fm_cropped', 'step3a_Y_hw_cropped', 'step3b', 'step3b_A_init', 'step3b_C_init', 'step3b_b', 'step3b_f', 'step3b_A', 'step3b_C', 'step3b_nndsvd_results', 'step4a', 'step4b', 'step4b_separated_components', 'step4c', 'step4d', 'step4e', 'step4e_A_pre_CNMF', 'step4e_C_pre_CNMF', 'step4f', 'step4f_A_clean', 'step4f_C_clean', 'step4g', 'step5a']
Final parameter keys: ['step1_setup', 'step2a_video_loading', 'step2b_processing', 'step2c_motion_estimation', 'step2d_erroneous_frames', 'step2e_transformation', 'step3a_cropping', 'step3b_svd', 'step4a_watershed_search', 'step4b_watershed_segmentation', 'step4c_merging_units', 'step4d_temporal_signals', 'step4e_ac_initialization', 'step4f_dropping_nans', 'step4g_temporal_merging', 'step5a_noise_estimation']
[DEBUG] Saving parameters with steps: ['step1_setup', 'step2a_video_loading', 'step2b_processing', 'step2c_motion_estimation', 'step2d_erroneous_frames', 'step2e_transformation', 'step3a_cropping', 'step3b_svd', 'step4a_watershed_search', 'step4b_watershed_segmentation', 'step4c_merging_units', 'step4d_temporal_signals', 'step4e_ac_initialization', 'step4f_dropping_nans', 'step4g_temporal_merging', 'step5a_noise_estimation']
[DEBUG] Parameters saved to: C:/Users/ariAccount/Desktop/9999_1_Processed\cache_data\processing_parameters.json
Parameters saved successfully: True

=== AUTO-SAVING PARAMETERS ===
Parameter file path: C:/Users/ariAccount/Desktop/9999_1_Processed\cache_data\processing_parameters.json
[DEBUG] Successfully loaded existing parameters from: C:/Users/ariAccount/Desktop/9999_1_Processed\cache_data\processing_parameters.json

==== START: Parameter Extraction ====
Controller type: <class '__main__.MainApplication'>
Controller state keys: ['input_dir', 'output_dir', 'animal', 'session', 'results', 'session_log_path', 'dataset_output_path', 'cache_path', 'n_workers', 'memory_limit', 'initialized', 'dask_dashboard_url']
Results keys: ['processing_parameters', 'step2a_chunking_info', 'step2a_varr', 'step2b', 'step2b_varr_ref', 'step2c', 'step2c_motion', 'step2e_Y', 'step1_setup', 'step1', 'step2a_video_loading', 'step2a', 'step2b_processing', 'step2c_motion_estimation', 'step2d_erroneous_frames', 'step2d', 'step2e', 'step2e_Y_fm_chk', 'step2e_Y_hw_chk', 'step2f', 'step3a', 'step3a_Y_fm_cropped', 'step3a_Y_hw_cropped', 'step3b', 'step3b_A_init', 'step3b_C_init', 'step3b_b', 'step3b_f', 'step3b_A', 'step3b_C', 'step3b_nndsvd_results', 'step4a', 'step4b', 'step4b_separated_components', 'step4c', 'step4d', 'step4e', 'step4e_A_pre_CNMF', 'step4e_C_pre_CNMF', 'step4f', 'step4f_A_clean', 'step4f_C_clean', 'step4g', 'step5a', 'step5b_A_filtered', 'step5b_C_filtered', 'step5b']
Final parameter keys: ['step1_setup', 'step2a_video_loading', 'step2b_processing', 'step2c_motion_estimation', 'step2d_erroneous_frames', 'step2e_transformation', 'step3a_cropping', 'step3b_svd', 'step4a_watershed_search', 'step4b_watershed_segmentation', 'step4c_merging_units', 'step4d_temporal_signals', 'step4e_ac_initialization', 'step4f_dropping_nans', 'step4g_temporal_merging', 'step5a_noise_estimation', 'step5b_validation_setup']
[DEBUG] Saving parameters with steps: ['step1_setup', 'step2a_video_loading', 'step2b_processing', 'step2c_motion_estimation', 'step2d_erroneous_frames', 'step2e_transformation', 'step3a_cropping', 'step3b_svd', 'step4a_watershed_search', 'step4b_watershed_segmentation', 'step4c_merging_units', 'step4d_temporal_signals', 'step4e_ac_initialization', 'step4f_dropping_nans', 'step4g_temporal_merging', 'step5a_noise_estimation', 'step5b_validation_setup']
[DEBUG] Parameters saved to: C:/Users/ariAccount/Desktop/9999_1_Processed\cache_data\processing_parameters.json
Parameters saved successfully: True

[processing detection] No active processing threads detected

=== AUTO-SAVING PARAMETERS ===
Parameter file path: C:/Users/ariAccount/Desktop/9999_1_Processed\cache_data\processing_parameters.json
[DEBUG] Successfully loaded existing parameters from: C:/Users/ariAccount/Desktop/9999_1_Processed\cache_data\processing_parameters.json

==== START: Parameter Extraction ====
Controller type: <class '__main__.MainApplication'>
Controller state keys: ['input_dir', 'output_dir', 'animal', 'session', 'results', 'session_log_path', 'dataset_output_path', 'cache_path', 'n_workers', 'memory_limit', 'initialized', 'dask_dashboard_url']
Results keys: ['processing_parameters', 'step2a_chunking_info', 'step2a_varr', 'step2b', 'step2b_varr_ref', 'step2c', 'step2c_motion', 'step2e_Y', 'step1_setup', 'step1', 'step2a_video_loading', 'step2a', 'step2b_processing', 'step2c_motion_estimation', 'step2d_erroneous_frames', 'step2d', 'step2e', 'step2e_Y_fm_chk', 'step2e_Y_hw_chk', 'step2f', 'step3a', 'step3a_Y_fm_cropped', 'step3a_Y_hw_cropped', 'step3b', 'step3b_A_init', 'step3b_C_init', 'step3b_b', 'step3b_f', 'step3b_A', 'step3b_C', 'step3b_nndsvd_results', 'step4a', 'step4b', 'step4b_separated_components', 'step4c', 'step4d', 'step4e', 'step4e_A_pre_CNMF', 'step4e_C_pre_CNMF', 'step4f', 'step4f_A_clean', 'step4f_C_clean', 'step4g', 'step5a', 'step5b_A_filtered', 'step5b_C_filtered', 'step5b']
Final parameter keys: ['step1_setup', 'step2a_video_loading', 'step2b_processing', 'step2c_motion_estimation', 'step2d_erroneous_frames', 'step2e_transformation', 'step3a_cropping', 'step3b_svd', 'step4a_watershed_search', 'step4b_watershed_segmentation', 'step4c_merging_units', 'step4d_temporal_signals', 'step4e_ac_initialization', 'step4f_dropping_nans', 'step4g_temporal_merging', 'step5a_noise_estimation', 'step5b_validation_setup']
[DEBUG] Saving parameters with steps: ['step1_setup', 'step2a_video_loading', 'step2b_processing', 'step2c_motion_estimation', 'step2d_erroneous_frames', 'step2e_transformation', 'step3a_cropping', 'step3b_svd', 'step4a_watershed_search', 'step4b_watershed_segmentation', 'step4c_merging_units', 'step4d_temporal_signals', 'step4e_ac_initialization', 'step4f_dropping_nans', 'step4g_temporal_merging', 'step5a_noise_estimation', 'step5b_validation_setup']
[DEBUG] Parameters saved to: C:/Users/ariAccount/Desktop/9999_1_Processed\cache_data\processing_parameters.json
Parameters saved successfully: True

=== AUTO-SAVING PARAMETERS ===
Parameter file path: C:/Users/ariAccount/Desktop/9999_1_Processed\cache_data\processing_parameters.json
[DEBUG] Successfully loaded existing parameters from: C:/Users/ariAccount/Desktop/9999_1_Processed\cache_data\processing_parameters.json

==== START: Parameter Extraction ====
Controller type: <class '__main__.MainApplication'>
Controller state keys: ['input_dir', 'output_dir', 'animal', 'session', 'results', 'session_log_path', 'dataset_output_path', 'cache_path', 'n_workers', 'memory_limit', 'initialized', 'dask_dashboard_url']
Results keys: ['processing_parameters', 'step2a_chunking_info', 'step2a_varr', 'step2b', 'step2b_varr_ref', 'step2c', 'step2c_motion', 'step2e_Y', 'step1_setup', 'step1', 'step2a_video_loading', 'step2a', 'step2b_processing', 'step2c_motion_estimation', 'step2d_erroneous_frames', 'step2d', 'step2e', 'step2e_Y_fm_chk', 'step2e_Y_hw_chk', 'step2f', 'step3a', 'step3a_Y_fm_cropped', 'step3a_Y_hw_cropped', 'step3b', 'step3b_A_init', 'step3b_C_init', 'step3b_b', 'step3b_f', 'step3b_A', 'step3b_C', 'step3b_nndsvd_results', 'step4a', 'step4b', 'step4b_separated_components', 'step4c', 'step4d', 'step4e', 'step4e_A_pre_CNMF', 'step4e_C_pre_CNMF', 'step4f', 'step4f_A_clean', 'step4f_C_clean', 'step4g', 'step5a', 'step5b_A_filtered', 'step5b_C_filtered', 'step5b', 'step6a', 'step6a_YrA', 'step6a_component_source_yra']
Final parameter keys: ['step1_setup', 'step2a_video_loading', 'step2b_processing', 'step2c_motion_estimation', 'step2d_erroneous_frames', 'step2e_transformation', 'step3a_cropping', 'step3b_svd', 'step4a_watershed_search', 'step4b_watershed_segmentation', 'step4c_merging_units', 'step4d_temporal_signals', 'step4e_ac_initialization', 'step4f_dropping_nans', 'step4g_temporal_merging', 'step5a_noise_estimation', 'step5b_validation_setup', 'step6a_yra_computation']
[DEBUG] Saving parameters with steps: ['step1_setup', 'step2a_video_loading', 'step2b_processing', 'step2c_motion_estimation', 'step2d_erroneous_frames', 'step2e_transformation', 'step3a_cropping', 'step3b_svd', 'step4a_watershed_search', 'step4b_watershed_segmentation', 'step4c_merging_units', 'step4d_temporal_signals', 'step4e_ac_initialization', 'step4f_dropping_nans', 'step4g_temporal_merging', 'step5a_noise_estimation', 'step5b_validation_setup', 'step6a_yra_computation']
[DEBUG] Parameters saved to: C:/Users/ariAccount/Desktop/9999_1_Processed\cache_data\processing_parameters.json
Parameters saved successfully: True

[processing detection] Active threads (non-background):
  • Thread-16 (alive=True, daemon=True)

[processing detection] Active threads (non-background):
  • Thread-16 (alive=True, daemon=True)

[processing detection] No active processing threads detected

=== AUTO-SAVING PARAMETERS ===
Parameter file path: C:/Users/ariAccount/Desktop/9999_1_Processed\cache_data\processing_parameters.json
[DEBUG] Successfully loaded existing parameters from: C:/Users/ariAccount/Desktop/9999_1_Processed\cache_data\processing_parameters.json

==== START: Parameter Extraction ====
Controller type: <class '__main__.MainApplication'>
Controller state keys: ['input_dir', 'output_dir', 'animal', 'session', 'results', 'session_log_path', 'dataset_output_path', 'cache_path', 'n_workers', 'memory_limit', 'initialized', 'dask_dashboard_url']
Results keys: ['processing_parameters', 'step2a_chunking_info', 'step2a_varr', 'step2b', 'step2b_varr_ref', 'step2c', 'step2c_motion', 'step2e_Y', 'step1_setup', 'step1', 'step2a_video_loading', 'step2a', 'step2b_processing', 'step2c_motion_estimation', 'step2d_erroneous_frames', 'step2d', 'step2e', 'step2e_Y_fm_chk', 'step2e_Y_hw_chk', 'step2f', 'step3a', 'step3a_Y_fm_cropped', 'step3a_Y_hw_cropped', 'step3b', 'step3b_A_init', 'step3b_C_init', 'step3b_b', 'step3b_f', 'step3b_A', 'step3b_C', 'step3b_nndsvd_results', 'step4a', 'step4b', 'step4b_separated_components', 'step4c', 'step4d', 'step4e', 'step4e_A_pre_CNMF', 'step4e_C_pre_CNMF', 'step4f', 'step4f_A_clean', 'step4f_C_clean', 'step4g', 'step5a', 'step5b_A_filtered', 'step5b_C_filtered', 'step5b', 'step6a', 'step6a_YrA', 'step6a_component_source_yra']
Final parameter keys: ['step1_setup', 'step2a_video_loading', 'step2b_processing', 'step2c_motion_estimation', 'step2d_erroneous_frames', 'step2e_transformation', 'step3a_cropping', 'step3b_svd', 'step4a_watershed_search', 'step4b_watershed_segmentation', 'step4c_merging_units', 'step4d_temporal_signals', 'step4e_ac_initialization', 'step4f_dropping_nans', 'step4g_temporal_merging', 'step5a_noise_estimation', 'step5b_validation_setup', 'step6a_yra_computation']
[DEBUG] Saving parameters with steps: ['step1_setup', 'step2a_video_loading', 'step2b_processing', 'step2c_motion_estimation', 'step2d_erroneous_frames', 'step2e_transformation', 'step3a_cropping', 'step3b_svd', 'step4a_watershed_search', 'step4b_watershed_segmentation', 'step4c_merging_units', 'step4d_temporal_signals', 'step4e_ac_initialization', 'step4f_dropping_nans', 'step4g_temporal_merging', 'step5a_noise_estimation', 'step5b_validation_setup', 'step6a_yra_computation']
[DEBUG] Parameters saved to: C:/Users/ariAccount/Desktop/9999_1_Processed\cache_data\processing_parameters.json
Parameters saved successfully: True
C:\Users\ariAccount\Desktop\MPS_1.0.0\steps\step6b_validate_yra.py:775: UserWarning: This figure includes Axes that are not compatible with tight_layout, so results might be incorrect.
  self.fig.tight_layout(rect=[0, 0, 1, 0.95])  # Leave room for suptitle

=== AUTO-SAVING PARAMETERS ===
Parameter file path: C:/Users/ariAccount/Desktop/9999_1_Processed\cache_data\processing_parameters.json
[DEBUG] Successfully loaded existing parameters from: C:/Users/ariAccount/Desktop/9999_1_Processed\cache_data\processing_parameters.json

==== START: Parameter Extraction ====
Controller type: <class '__main__.MainApplication'>
Controller state keys: ['input_dir', 'output_dir', 'animal', 'session', 'results', 'session_log_path', 'dataset_output_path', 'cache_path', 'n_workers', 'memory_limit', 'initialized', 'dask_dashboard_url']
Results keys: ['processing_parameters', 'step2a_chunking_info', 'step2a_varr', 'step2b', 'step2b_varr_ref', 'step2c', 'step2c_motion', 'step2e_Y', 'step1_setup', 'step1', 'step2a_video_loading', 'step2a', 'step2b_processing', 'step2c_motion_estimation', 'step2d_erroneous_frames', 'step2d', 'step2e', 'step2e_Y_fm_chk', 'step2e_Y_hw_chk', 'step2f', 'step3a', 'step3a_Y_fm_cropped', 'step3a_Y_hw_cropped', 'step3b', 'step3b_A_init', 'step3b_C_init', 'step3b_b', 'step3b_f', 'step3b_A', 'step3b_C', 'step3b_nndsvd_results', 'step4a', 'step4b', 'step4b_separated_components', 'step4c', 'step4d', 'step4e', 'step4e_A_pre_CNMF', 'step4e_C_pre_CNMF', 'step4f', 'step4f_A_clean', 'step4f_C_clean', 'step4g', 'step5a', 'step5b_A_filtered', 'step5b_C_filtered', 'step5b', 'step6a', 'step6a_YrA', 'step6a_component_source_yra', 'step6b']
Final parameter keys: ['step1_setup', 'step2a_video_loading', 'step2b_processing', 'step2c_motion_estimation', 'step2d_erroneous_frames', 'step2e_transformation', 'step3a_cropping', 'step3b_svd', 'step4a_watershed_search', 'step4b_watershed_segmentation', 'step4c_merging_units', 'step4d_temporal_signals', 'step4e_ac_initialization', 'step4f_dropping_nans', 'step4g_temporal_merging', 'step5a_noise_estimation', 'step5b_validation_setup', 'step6a_yra_computation']
[DEBUG] Saving parameters with steps: ['step1_setup', 'step2a_video_loading', 'step2b_processing', 'step2c_motion_estimation', 'step2d_erroneous_frames', 'step2e_transformation', 'step3a_cropping', 'step3b_svd', 'step4a_watershed_search', 'step4b_watershed_segmentation', 'step4c_merging_units', 'step4d_temporal_signals', 'step4e_ac_initialization', 'step4f_dropping_nans', 'step4g_temporal_merging', 'step5a_noise_estimation', 'step5b_validation_setup', 'step6a_yra_computation']
[DEBUG] Parameters saved to: C:/Users/ariAccount/Desktop/9999_1_Processed\cache_data\processing_parameters.json
Parameters saved successfully: True

[processing detection] No active processing threads detected

=== AUTO-SAVING PARAMETERS ===
Parameter file path: C:/Users/ariAccount/Desktop/9999_1_Processed\cache_data\processing_parameters.json
[DEBUG] Successfully loaded existing parameters from: C:/Users/ariAccount/Desktop/9999_1_Processed\cache_data\processing_parameters.json

==== START: Parameter Extraction ====
Controller type: <class '__main__.MainApplication'>
Controller state keys: ['input_dir', 'output_dir', 'animal', 'session', 'results', 'session_log_path', 'dataset_output_path', 'cache_path', 'n_workers', 'memory_limit', 'initialized', 'dask_dashboard_url']
Results keys: ['processing_parameters', 'step2a_chunking_info', 'step2a_varr', 'step2b', 'step2b_varr_ref', 'step2c', 'step2c_motion', 'step2e_Y', 'step1_setup', 'step1', 'step2a_video_loading', 'step2a', 'step2b_processing', 'step2c_motion_estimation', 'step2d_erroneous_frames', 'step2d', 'step2e', 'step2e_Y_fm_chk', 'step2e_Y_hw_chk', 'step2f', 'step3a', 'step3a_Y_fm_cropped', 'step3a_Y_hw_cropped', 'step3b', 'step3b_A_init', 'step3b_C_init', 'step3b_b', 'step3b_f', 'step3b_A', 'step3b_C', 'step3b_nndsvd_results', 'step4a', 'step4b', 'step4b_separated_components', 'step4c', 'step4d', 'step4e', 'step4e_A_pre_CNMF', 'step4e_C_pre_CNMF', 'step4f', 'step4f_A_clean', 'step4f_C_clean', 'step4g', 'step5a', 'step5b_A_filtered', 'step5b_C_filtered', 'step5b', 'step6a', 'step6a_YrA', 'step6a_component_source_yra', 'step6b']
Final parameter keys: ['step1_setup', 'step2a_video_loading', 'step2b_processing', 'step2c_motion_estimation', 'step2d_erroneous_frames', 'step2e_transformation', 'step3a_cropping', 'step3b_svd', 'step4a_watershed_search', 'step4b_watershed_segmentation', 'step4c_merging_units', 'step4d_temporal_signals', 'step4e_ac_initialization', 'step4f_dropping_nans', 'step4g_temporal_merging', 'step5a_noise_estimation', 'step5b_validation_setup', 'step6a_yra_computation']
[DEBUG] Saving parameters with steps: ['step1_setup', 'step2a_video_loading', 'step2b_processing', 'step2c_motion_estimation', 'step2d_erroneous_frames', 'step2e_transformation', 'step3a_cropping', 'step3b_svd', 'step4a_watershed_search', 'step4b_watershed_segmentation', 'step4c_merging_units', 'step4d_temporal_signals', 'step4e_ac_initialization', 'step4f_dropping_nans', 'step4g_temporal_merging', 'step5a_noise_estimation', 'step5b_validation_setup', 'step6a_yra_computation']
[DEBUG] Parameters saved to: C:/Users/ariAccount/Desktop/9999_1_Processed\cache_data\processing_parameters.json
Parameters saved successfully: True
C:\Users\ariAccount\Desktop\MPS_1.0.0\steps\step6c_parameter_suggestion.py:918: UserWarning: tight_layout: falling back to Agg renderer
  fig.tight_layout()

=== AUTO-SAVING PARAMETERS ===
Parameter file path: C:/Users/ariAccount/Desktop/9999_1_Processed\cache_data\processing_parameters.json
[DEBUG] Successfully loaded existing parameters from: C:/Users/ariAccount/Desktop/9999_1_Processed\cache_data\processing_parameters.json

==== START: Parameter Extraction ====
Controller type: <class '__main__.MainApplication'>
Controller state keys: ['input_dir', 'output_dir', 'animal', 'session', 'results', 'session_log_path', 'dataset_output_path', 'cache_path', 'n_workers', 'memory_limit', 'initialized', 'dask_dashboard_url']
Results keys: ['processing_parameters', 'step2a_chunking_info', 'step2a_varr', 'step2b', 'step2b_varr_ref', 'step2c', 'step2c_motion', 'step2e_Y', 'step1_setup', 'step1', 'step2a_video_loading', 'step2a', 'step2b_processing', 'step2c_motion_estimation', 'step2d_erroneous_frames', 'step2d', 'step2e', 'step2e_Y_fm_chk', 'step2e_Y_hw_chk', 'step2f', 'step3a', 'step3a_Y_fm_cropped', 'step3a_Y_hw_cropped', 'step3b', 'step3b_A_init', 'step3b_C_init', 'step3b_b', 'step3b_f', 'step3b_A', 'step3b_C', 'step3b_nndsvd_results', 'step4a', 'step4b', 'step4b_separated_components', 'step4c', 'step4d', 'step4e', 'step4e_A_pre_CNMF', 'step4e_C_pre_CNMF', 'step4f', 'step4f_A_clean', 'step4f_C_clean', 'step4g', 'step5a', 'step5b_A_filtered', 'step5b_C_filtered', 'step5b', 'step6a', 'step6a_YrA', 'step6a_component_source_yra', 'step6b', 'step6c']
Final parameter keys: ['step1_setup', 'step2a_video_loading', 'step2b_processing', 'step2c_motion_estimation', 'step2d_erroneous_frames', 'step2e_transformation', 'step3a_cropping', 'step3b_svd', 'step4a_watershed_search', 'step4b_watershed_segmentation', 'step4c_merging_units', 'step4d_temporal_signals', 'step4e_ac_initialization', 'step4f_dropping_nans', 'step4g_temporal_merging', 'step5a_noise_estimation', 'step5b_validation_setup', 'step6a_yra_computation', 'step6c_parameter_suggestion']
[DEBUG] Saving parameters with steps: ['step1_setup', 'step2a_video_loading', 'step2b_processing', 'step2c_motion_estimation', 'step2d_erroneous_frames', 'step2e_transformation', 'step3a_cropping', 'step3b_svd', 'step4a_watershed_search', 'step4b_watershed_segmentation', 'step4c_merging_units', 'step4d_temporal_signals', 'step4e_ac_initialization', 'step4f_dropping_nans', 'step4g_temporal_merging', 'step5a_noise_estimation', 'step5b_validation_setup', 'step6a_yra_computation', 'step6c_parameter_suggestion']
[DEBUG] Parameters saved to: C:/Users/ariAccount/Desktop/9999_1_Processed\cache_data\processing_parameters.json
Parameters saved successfully: True

[processing detection] No active processing threads detected

=== AUTO-SAVING PARAMETERS ===
Parameter file path: C:/Users/ariAccount/Desktop/9999_1_Processed\cache_data\processing_parameters.json
[DEBUG] Successfully loaded existing parameters from: C:/Users/ariAccount/Desktop/9999_1_Processed\cache_data\processing_parameters.json

==== START: Parameter Extraction ====
Controller type: <class '__main__.MainApplication'>
Controller state keys: ['input_dir', 'output_dir', 'animal', 'session', 'results', 'session_log_path', 'dataset_output_path', 'cache_path', 'n_workers', 'memory_limit', 'initialized', 'dask_dashboard_url']
Results keys: ['processing_parameters', 'step2a_chunking_info', 'step2a_varr', 'step2b', 'step2b_varr_ref', 'step2c', 'step2c_motion', 'step2e_Y', 'step1_setup', 'step1', 'step2a_video_loading', 'step2a', 'step2b_processing', 'step2c_motion_estimation', 'step2d_erroneous_frames', 'step2d', 'step2e', 'step2e_Y_fm_chk', 'step2e_Y_hw_chk', 'step2f', 'step3a', 'step3a_Y_fm_cropped', 'step3a_Y_hw_cropped', 'step3b', 'step3b_A_init', 'step3b_C_init', 'step3b_b', 'step3b_f', 'step3b_A', 'step3b_C', 'step3b_nndsvd_results', 'step4a', 'step4b', 'step4b_separated_components', 'step4c', 'step4d', 'step4e', 'step4e_A_pre_CNMF', 'step4e_C_pre_CNMF', 'step4f', 'step4f_A_clean', 'step4f_C_clean', 'step4g', 'step5a', 'step5b_A_filtered', 'step5b_C_filtered', 'step5b', 'step6a', 'step6a_YrA', 'step6a_component_source_yra', 'step6b', 'step6c']
Final parameter keys: ['step1_setup', 'step2a_video_loading', 'step2b_processing', 'step2c_motion_estimation', 'step2d_erroneous_frames', 'step2e_transformation', 'step3a_cropping', 'step3b_svd', 'step4a_watershed_search', 'step4b_watershed_segmentation', 'step4c_merging_units', 'step4d_temporal_signals', 'step4e_ac_initialization', 'step4f_dropping_nans', 'step4g_temporal_merging', 'step5a_noise_estimation', 'step5b_validation_setup', 'step6a_yra_computation', 'step6c_parameter_suggestion']
[DEBUG] Saving parameters with steps: ['step1_setup', 'step2a_video_loading', 'step2b_processing', 'step2c_motion_estimation', 'step2d_erroneous_frames', 'step2e_transformation', 'step3a_cropping', 'step3b_svd', 'step4a_watershed_search', 'step4b_watershed_segmentation', 'step4c_merging_units', 'step4d_temporal_signals', 'step4e_ac_initialization', 'step4f_dropping_nans', 'step4g_temporal_merging', 'step5a_noise_estimation', 'step5b_validation_setup', 'step6a_yra_computation', 'step6c_parameter_suggestion']
[DEBUG] Parameters saved to: C:/Users/ariAccount/Desktop/9999_1_Processed\cache_data\processing_parameters.json
Parameters saved successfully: True

[processing detection] No active processing threads detected

=== AUTO-SAVING PARAMETERS ===
Parameter file path: C:/Users/ariAccount/Desktop/9999_1_Processed\cache_data\processing_parameters.json
[DEBUG] Successfully loaded existing parameters from: C:/Users/ariAccount/Desktop/9999_1_Processed\cache_data\processing_parameters.json

==== START: Parameter Extraction ====
Controller type: <class '__main__.MainApplication'>
Controller state keys: ['input_dir', 'output_dir', 'animal', 'session', 'results', 'session_log_path', 'dataset_output_path', 'cache_path', 'n_workers', 'memory_limit', 'initialized', 'dask_dashboard_url']
Results keys: ['processing_parameters', 'step2a_chunking_info', 'step2a_varr', 'step2b', 'step2b_varr_ref', 'step2c', 'step2c_motion', 'step2e_Y', 'step1_setup', 'step1', 'step2a_video_loading', 'step2a', 'step2b_processing', 'step2c_motion_estimation', 'step2d_erroneous_frames', 'step2d', 'step2e', 'step2e_Y_fm_chk', 'step2e_Y_hw_chk', 'step2f', 'step3a', 'step3a_Y_fm_cropped', 'step3a_Y_hw_cropped', 'step3b', 'step3b_A_init', 'step3b_C_init', 'step3b_b', 'step3b_f', 'step3b_A', 'step3b_C', 'step3b_nndsvd_results', 'step4a', 'step4b', 'step4b_separated_components', 'step4c', 'step4d', 'step4e', 'step4e_A_pre_CNMF', 'step4e_C_pre_CNMF', 'step4f', 'step4f_A_clean', 'step4f_C_clean', 'step4g', 'step5a', 'step5b_A_filtered', 'step5b_C_filtered', 'step5b', 'step6a', 'step6a_YrA', 'step6a_component_source_yra', 'step6b', 'step6c']
Final parameter keys: ['step1_setup', 'step2a_video_loading', 'step2b_processing', 'step2c_motion_estimation', 'step2d_erroneous_frames', 'step2e_transformation', 'step3a_cropping', 'step3b_svd', 'step4a_watershed_search', 'step4b_watershed_segmentation', 'step4c_merging_units', 'step4d_temporal_signals', 'step4e_ac_initialization', 'step4f_dropping_nans', 'step4g_temporal_merging', 'step5a_noise_estimation', 'step5b_validation_setup', 'step6a_yra_computation', 'step6c_parameter_suggestion']
[DEBUG] Saving parameters with steps: ['step1_setup', 'step2a_video_loading', 'step2b_processing', 'step2c_motion_estimation', 'step2d_erroneous_frames', 'step2e_transformation', 'step3a_cropping', 'step3b_svd', 'step4a_watershed_search', 'step4b_watershed_segmentation', 'step4c_merging_units', 'step4d_temporal_signals', 'step4e_ac_initialization', 'step4f_dropping_nans', 'step4g_temporal_merging', 'step5a_noise_estimation', 'step5b_validation_setup', 'step6a_yra_computation', 'step6c_parameter_suggestion']
[DEBUG] Parameters saved to: C:/Users/ariAccount/Desktop/9999_1_Processed\cache_data\processing_parameters.json
Parameters saved successfully: True

[processing detection] No active processing threads detected

=== AUTO-SAVING PARAMETERS ===
Parameter file path: C:/Users/ariAccount/Desktop/9999_1_Processed\cache_data\processing_parameters.json
[DEBUG] Successfully loaded existing parameters from: C:/Users/ariAccount/Desktop/9999_1_Processed\cache_data\processing_parameters.json

==== START: Parameter Extraction ====
Controller type: <class '__main__.MainApplication'>
Controller state keys: ['input_dir', 'output_dir', 'animal', 'session', 'results', 'session_log_path', 'dataset_output_path', 'cache_path', 'n_workers', 'memory_limit', 'initialized', 'dask_dashboard_url']
Results keys: ['processing_parameters', 'step2a_chunking_info', 'step2a_varr', 'step2b', 'step2b_varr_ref', 'step2c', 'step2c_motion', 'step2e_Y', 'step1_setup', 'step1', 'step2a_video_loading', 'step2a', 'step2b_processing', 'step2c_motion_estimation', 'step2d_erroneous_frames', 'step2d', 'step2e', 'step2e_Y_fm_chk', 'step2e_Y_hw_chk', 'step2f', 'step3a', 'step3a_Y_fm_cropped', 'step3a_Y_hw_cropped', 'step3b', 'step3b_A_init', 'step3b_C_init', 'step3b_b', 'step3b_f', 'step3b_A', 'step3b_C', 'step3b_nndsvd_results', 'step4a', 'step4b', 'step4b_separated_components', 'step4c', 'step4d', 'step4e', 'step4e_A_pre_CNMF', 'step4e_C_pre_CNMF', 'step4f', 'step4f_A_clean', 'step4f_C_clean', 'step4g', 'step5a', 'step5b_A_filtered', 'step5b_C_filtered', 'step5b', 'step6a', 'step6a_YrA', 'step6a_component_source_yra', 'step6b', 'step6c']
Final parameter keys: ['step1_setup', 'step2a_video_loading', 'step2b_processing', 'step2c_motion_estimation', 'step2d_erroneous_frames', 'step2e_transformation', 'step3a_cropping', 'step3b_svd', 'step4a_watershed_search', 'step4b_watershed_segmentation', 'step4c_merging_units', 'step4d_temporal_signals', 'step4e_ac_initialization', 'step4f_dropping_nans', 'step4g_temporal_merging', 'step5a_noise_estimation', 'step5b_validation_setup', 'step6a_yra_computation', 'step6c_parameter_suggestion']
[DEBUG] Saving parameters with steps: ['step1_setup', 'step2a_video_loading', 'step2b_processing', 'step2c_motion_estimation', 'step2d_erroneous_frames', 'step2e_transformation', 'step3a_cropping', 'step3b_svd', 'step4a_watershed_search', 'step4b_watershed_segmentation', 'step4c_merging_units', 'step4d_temporal_signals', 'step4e_ac_initialization', 'step4f_dropping_nans', 'step4g_temporal_merging', 'step5a_noise_estimation', 'step5b_validation_setup', 'step6a_yra_computation', 'step6c_parameter_suggestion']
[DEBUG] Parameters saved to: C:/Users/ariAccount/Desktop/9999_1_Processed\cache_data\processing_parameters.json
Parameters saved successfully: True
