Session log started: C:\Users\ariAccount\Desktop\MPS_1.0.0\logs\session_20260301_170618.log
Registered button for Step1Setup
Loaded Step1Setup
Registered button for Step2aVideoLoading
Loaded Step2aVideoLoading
Registered button for Step2bProcessing
Loaded Step2bProcessing
Registered button for Step2cMotionEstimation
Loaded Step2cMotionEstimation
Registered button for Step2dErroneousFrames
Loaded Step2dErroneousFrames
Registered button for Step2eTransformation
Loaded Step2eTransformation
Registered button for Step2fValidation
Loaded Step2fValidation
Registered button for Step3aCropping
Loaded Step3aCropping
Registered button for Step3bNNDSVD
Loaded Step3bNNDSVD
Registered button for Step3cSVDAnalysis
Loaded Step3cSVDAnalysis
Registered button for Step4aWatershedSearch
Loaded Step4aWatershedSearch
Registered button for Step4bWatershedSegmentation
Loaded Step4bWatershedSegmentation
Registered button for Step4cMergingUnits
Loaded Step4cMergingUnits
Registered button for Step4dTemporalSignals
Loaded Step4dTemporalSignals
Registered button for Step4eACInitialization
Loaded Step4eACInitialization
Registered button for Step4fDroppingNans
Loaded Step4fDroppingNans
Registered button for Step4gTemporalMerging
Loaded Step4gTemporalMerging
Registered button for Step5aNoiseEstimation
Loaded Step5aNoiseEstimation
Registered button for Step5bValidationSetup
Loaded Step5bValidationSetup
Registered button for Step6aYRAComputation
Loaded Step6aYRAComputation
Registered button for Step6bValidateYRA
Loaded Step6bValidateYRA
Registered button for Step6cParameterSuggestion
Loaded Step6cParameterSuggestion
Registered button for Step6dUpdateTemporal
Loaded Step6dUpdateTemporal
Registered button for Step6eFilterValidate
Loaded Step6eFilterValidate
Registered button for Step7aDilation
Loaded Step7aDilation
Registered button for Step7bKDTree
Loaded Step7bKDTree
Registered button for Step7cBounds
Loaded Step7cBounds
Registered button for Step7dParameterSuggestions
Loaded Step7dParameterSuggestions
Registered button for Step7eSpatialUpdate
Loaded Step7eSpatialUpdate
Registered button for Step7fMergingValidation
Loaded Step7fMergingValidation
Registered button for Step8aYRAComputation
Loaded Step8aYRAComputation
Registered button for Step8bFinalTemporalUpdate
Loaded Step8bFinalTemporalUpdate
Registered button for Step8cFilterSave
Loaded Step8cFilterSave

--- DEBUG: Starting data loading process ---
Cache path: C:/Users/ariAccount/Desktop/9999_1_Processed\cache_data
Animal ID: 9999, Session ID: 1
Output directory: C:/Users/ariAccount/Desktop
Created/verified dataset output path: C:/Users/ariAccount/Desktop\9999_1_Processed
Initializing Dask cluster with 8 workers and 200GB memory limit
Dask Dashboard available at: http://127.0.0.1:8787/status

--- DEBUG: Attempting to load selected zarr files ---
Loaded processing_parameters from json
Also stored processing_parameters at top level
Loaded step2a_chunking_info from json
Also stored step2a_chunking_info at top level
Error loading as DataArray: [Errno 13] Permission denied: 'C:\\Users\\ariAccount\\Desktop\\9999_1_Processed\\cache_data\\step2a_varr.zarr', trying Dataset...
Loaded step2a_varr from zarr
Stored step2a_varr in nested format under step2a_varr
Also stored step2a_varr at top level
Error loading as DataArray: [Errno 13] Permission denied: 'C:\\Users\\ariAccount\\Desktop\\9999_1_Processed\\cache_data\\step2b_varr_ref.zarr', trying Dataset...
Loaded step2b_varr_ref from zarr
Stored step2b_varr_ref in nested format under step2b
Also stored step2b_varr_ref at top level
Error loading as DataArray: [Errno 13] Permission denied: 'C:\\Users\\ariAccount\\Desktop\\9999_1_Processed\\cache_data\\step2c_motion.zarr', trying Dataset...
Loaded step2c_motion from zarr
Stored step2c_motion in nested format under step2c
Also stored step2c_motion at top level
Error loading as DataArray: [Errno 13] Permission denied: 'C:\\Users\\ariAccount\\Desktop\\9999_1_Processed\\cache_data\\step2e_Y.zarr', trying Dataset...
Loaded step2e_Y from zarr
Stored step2e_Y only at top level (no mapping)
Error loading as DataArray: [Errno 13] Permission denied: 'C:\\Users\\ariAccount\\Desktop\\9999_1_Processed\\cache_data\\step2e_Y_fm_chk.zarr', trying Dataset...
Loaded step2e_Y_fm_chk from zarr
Stored step2e_Y_fm_chk in nested format under step2e
Also stored step2e_Y_fm_chk at top level
Error loading as DataArray: [Errno 13] Permission denied: 'C:\\Users\\ariAccount\\Desktop\\9999_1_Processed\\cache_data\\step2e_Y_hw_chk.zarr', trying Dataset...
Loaded step2e_Y_hw_chk from zarr
Stored step2e_Y_hw_chk in nested format under step2e
Also stored step2e_Y_hw_chk at top level
Error loading as DataArray: [Errno 13] Permission denied: 'C:\\Users\\ariAccount\\Desktop\\9999_1_Processed\\cache_data\\step3a_Y_fm_cropped.zarr', trying Dataset...
Loaded step3a_Y_fm_cropped from zarr
Stored step3a_Y_fm_cropped in nested format under step3a
Also stored step3a_Y_fm_cropped at top level
Error loading as DataArray: [Errno 13] Permission denied: 'C:\\Users\\ariAccount\\Desktop\\9999_1_Processed\\cache_data\\step3a_Y_hw_cropped.zarr', trying Dataset...
Loaded step3a_Y_hw_cropped from zarr
Stored step3a_Y_hw_cropped in nested format under step3a
Also stored step3a_Y_hw_cropped at top level
Error loading as DataArray: [Errno 13] Permission denied: 'C:\\Users\\ariAccount\\Desktop\\9999_1_Processed\\cache_data\\step3b_A.zarr', trying Dataset...
Loaded step3b_A from zarr
Stored step3b_A in nested format under step3b
Also stored step3b_A at top level
Error loading as DataArray: [Errno 13] Permission denied: 'C:\\Users\\ariAccount\\Desktop\\9999_1_Processed\\cache_data\\step3b_A_init.zarr', trying Dataset...
Loaded step3b_A_init from zarr
Stored step3b_A_init in nested format under step3b
Also stored step3b_A_init at top level
Error loading as DataArray: [Errno 13] Permission denied: 'C:\\Users\\ariAccount\\Desktop\\9999_1_Processed\\cache_data\\step3b_b.zarr', trying Dataset...
Loaded step3b_b from zarr
Stored step3b_b in nested format under step3b
Also stored step3b_b at top level
Error loading as DataArray: [Errno 13] Permission denied: 'C:\\Users\\ariAccount\\Desktop\\9999_1_Processed\\cache_data\\step3b_C.zarr', trying Dataset...
Loaded step3b_C from zarr
Stored step3b_C in nested format under step3b
Also stored step3b_C at top level
Error loading as DataArray: [Errno 13] Permission denied: 'C:\\Users\\ariAccount\\Desktop\\9999_1_Processed\\cache_data\\step3b_C_init.zarr', trying Dataset...
Loaded step3b_C_init from zarr
Stored step3b_C_init in nested format under step3b
Also stored step3b_C_init at top level
Error loading as DataArray: [Errno 13] Permission denied: 'C:\\Users\\ariAccount\\Desktop\\9999_1_Processed\\cache_data\\step3b_f.zarr', trying Dataset...
Loaded step3b_f from zarr
Stored step3b_f in nested format under step3b
Also stored step3b_f at top level
Error loading as DataArray: [Errno 13] Permission denied: 'C:\\Users\\ariAccount\\Desktop\\9999_1_Processed\\cache_data\\step4c_merged_components.zarr', trying Dataset...
Loaded step4c_merged_components from zarr
Stored step4c_merged_components in nested format under step4c
Also stored step4c_merged_components at top level
Error loading as DataArray: [Errno 13] Permission denied: 'C:\\Users\\ariAccount\\Desktop\\9999_1_Processed\\cache_data\\step4d_temporal_components_signals.zarr', trying Dataset...
Loaded step4d_temporal_components_signals from zarr
Stored step4d_temporal_components_signals in nested format under step4d
Also stored step4d_temporal_components_signals at top level
Error loading as DataArray: [Errno 13] Permission denied: 'C:\\Users\\ariAccount\\Desktop\\9999_1_Processed\\cache_data\\step4d_temporal_components_spatial.zarr', trying Dataset...
Loaded step4d_temporal_components_spatial from zarr
Stored step4d_temporal_components_spatial in nested format under step4d
Also stored step4d_temporal_components_spatial at top level
Error loading as DataArray: [Errno 13] Permission denied: 'C:\\Users\\ariAccount\\Desktop\\9999_1_Processed\\cache_data\\step4e_A_pre_CNMF.zarr', trying Dataset...
Loaded step4e_A_pre_CNMF from zarr
Stored step4e_A_pre_CNMF in nested format under step4e
Also stored step4e_A_pre_CNMF at top level
Error loading as DataArray: [Errno 13] Permission denied: 'C:\\Users\\ariAccount\\Desktop\\9999_1_Processed\\cache_data\\step4e_C_pre_CNMF.zarr', trying Dataset...
Loaded step4e_C_pre_CNMF from zarr
Stored step4e_C_pre_CNMF in nested format under step4e
Also stored step4e_C_pre_CNMF at top level
Error loading as DataArray: [Errno 13] Permission denied: 'C:\\Users\\ariAccount\\Desktop\\9999_1_Processed\\cache_data\\step4f_A_clean.zarr', trying Dataset...
Loaded step4f_A_clean from zarr
Stored step4f_A_clean in nested format under step4f
Also stored step4f_A_clean at top level
Error loading as DataArray: [Errno 13] Permission denied: 'C:\\Users\\ariAccount\\Desktop\\9999_1_Processed\\cache_data\\step4f_C_clean.zarr', trying Dataset...
Loaded step4f_C_clean from zarr
Stored step4f_C_clean in nested format under step4f
Also stored step4f_C_clean at top level
Error loading as DataArray: [Errno 13] Permission denied: 'C:\\Users\\ariAccount\\Desktop\\9999_1_Processed\\cache_data\\step4g_A_merged.zarr', trying Dataset...
Loaded step4g_A_merged from zarr
Stored step4g_A_merged in nested format under step4g
Also stored step4g_A_merged at top level
Error loading as DataArray: [Errno 13] Permission denied: 'C:\\Users\\ariAccount\\Desktop\\9999_1_Processed\\cache_data\\step4g_C_merged.zarr', trying Dataset...
Loaded step4g_C_merged from zarr
Stored step4g_C_merged in nested format under step4g
Also stored step4g_C_merged at top level
Loaded step5a_sn_spatial from npy
Also stored step5a_sn_spatial at top level
Error loading as DataArray: [Errno 13] Permission denied: 'C:\\Users\\ariAccount\\Desktop\\9999_1_Processed\\cache_data\\step5b_A_filtered.zarr', trying Dataset...
Loaded step5b_A_filtered from zarr
Stored step5b_A_filtered in nested format under step5b
Also stored step5b_A_filtered at top level
Error loading as DataArray: [Errno 13] Permission denied: 'C:\\Users\\ariAccount\\Desktop\\9999_1_Processed\\cache_data\\step5b_C_filtered.zarr', trying Dataset...
Loaded step5b_C_filtered from zarr
Stored step5b_C_filtered in nested format under step5b
Also stored step5b_C_filtered at top level
Error loading as DataArray: [Errno 13] Permission denied: 'C:\\Users\\ariAccount\\Desktop\\9999_1_Processed\\cache_data\\step6a_YrA.zarr', trying Dataset...
Loaded step6a_YrA from zarr
Stored step6a_YrA in nested format under step6a
Also stored step6a_YrA at top level
Error loading as DataArray: [Errno 13] Permission denied: 'C:\\Users\\ariAccount\\Desktop\\9999_1_Processed\\cache_data\\step6d_b0_new.zarr', trying Dataset...
Loaded step6d_b0_new from zarr
Also stored step6d_b0_new at top level
Error loading as DataArray: [Errno 13] Permission denied: 'C:\\Users\\ariAccount\\Desktop\\9999_1_Processed\\cache_data\\step6d_c0_new.zarr', trying Dataset...
Loaded step6d_c0_new from zarr
Also stored step6d_c0_new at top level
Error loading as DataArray: [Errno 13] Permission denied: 'C:\\Users\\ariAccount\\Desktop\\9999_1_Processed\\cache_data\\step6d_C_new.zarr', trying Dataset...
Loaded step6d_C_new from zarr
Also stored step6d_C_new at top level
Error loading as DataArray: [Errno 13] Permission denied: 'C:\\Users\\ariAccount\\Desktop\\9999_1_Processed\\cache_data\\step6d_g_new.zarr', trying Dataset...
Loaded step6d_g_new from zarr
Also stored step6d_g_new at top level
Error loading as DataArray: [Errno 13] Permission denied: 'C:\\Users\\ariAccount\\Desktop\\9999_1_Processed\\cache_data\\step6d_S_new.zarr', trying Dataset...
Loaded step6d_S_new from zarr
Also stored step6d_S_new at top level
Loaded step6d_temporal_params from json
Stored step6d_temporal_params only at top level (no mapping)
Loaded step6e_A_filtered from npy
Stored step6e_A_filtered in nested format under step6e
Also stored step6e_A_filtered at top level
Error loading as DataArray: [Errno 13] Permission denied: 'C:\\Users\\ariAccount\\Desktop\\9999_1_Processed\\cache_data\\step6e_C_filtered.zarr', trying Dataset...
Loaded step6e_C_filtered from zarr
Stored step6e_C_filtered in nested format under step6e
Also stored step6e_C_filtered at top level
Error loading as DataArray: [Errno 13] Permission denied: 'C:\\Users\\ariAccount\\Desktop\\9999_1_Processed\\cache_data\\step6e_C_new.zarr', trying Dataset...
Loaded step6e_C_new from zarr
Stored step6e_C_new in nested format under step6e
Also stored step6e_C_new at top level
Error loading as DataArray: [Errno 13] Permission denied: 'C:\\Users\\ariAccount\\Desktop\\9999_1_Processed\\cache_data\\step6e_S_filtered.zarr', trying Dataset...
Loaded step6e_S_filtered from zarr
Stored step6e_S_filtered in nested format under step6e
Also stored step6e_S_filtered at top level
Error loading as DataArray: [Errno 13] Permission denied: 'C:\\Users\\ariAccount\\Desktop\\9999_1_Processed\\cache_data\\step6e_S_new.zarr', trying Dataset...
Loaded step6e_S_new from zarr
Stored step6e_S_new in nested format under step6e
Also stored step6e_S_new at top level
Loaded step6e_temporal_results_summary from json
Also stored step6e_temporal_results_summary at top level
Error loading as DataArray: [Errno 13] Permission denied: 'C:\\Users\\ariAccount\\Desktop\\9999_1_Processed\\cache_data\\step7a_A_dilated.zarr', trying Dataset...
Loaded step7a_A_dilated from zarr
Stored step7a_A_dilated in nested format under step7a
Also stored step7a_A_dilated at top level
Loaded step7a_dilation_results_summary from json
Also stored step7a_dilation_results_summary at top level
Loaded step7b_clustering_results_summary from json
Also stored step7b_clustering_results_summary at top level
C:\Users\ariAccount\Desktop\MPS_1.0.0\utils\gui_functions.py:234: VisibleDeprecationWarning: Creating an ndarray from ragged nested sequences (which is a list-or-tuple of lists-or-tuples-or ndarrays with different lengths or shapes) is deprecated. If you meant to do this, you must specify 'dtype=object' when creating the ndarray.
  np_data = np.array(json_data)
Loaded step7b_clusters from json
Also stored step7b_clusters at top level
Loaded step7b_component_valid_mask from npy
Also stored step7b_component_valid_mask at top level
Loaded step7c_boundary_results_summary from json
Also stored step7c_boundary_results_summary at top level
Loaded step7c_boundary_stats from json
Also stored step7c_boundary_stats at top level
Error loading as DataArray: [Errno 13] Permission denied: 'C:\\Users\\ariAccount\\Desktop\\9999_1_Processed\\cache_data\\step7e_A_updated.zarr', trying Dataset...
Loaded step7e_A_updated from zarr
Stored step7e_A_updated in nested format under step7e
Also stored step7e_A_updated at top level
Loaded step7e_spatial_update_summary from json
Also stored step7e_spatial_update_summary at top level
Error loading as DataArray: [Errno 13] Permission denied: 'C:\\Users\\ariAccount\\Desktop\\9999_1_Processed\\cache_data\\step7f_A_merged.zarr', trying Dataset...
Loaded step7f_A_merged from zarr
Stored step7f_A_merged in nested format under step7f
Also stored step7f_A_merged at top level
Error loading as DataArray: [Errno 13] Permission denied: 'C:\\Users\\ariAccount\\Desktop\\9999_1_Processed\\cache_data\\step7f_A_merged_raw.zarr', trying Dataset...
Loaded step7f_A_merged_raw from zarr
Stored step7f_A_merged_raw in nested format under step7f
Also stored step7f_A_merged_raw at top level
Error loading as DataArray: [Errno 13] Permission denied: 'C:\\Users\\ariAccount\\Desktop\\9999_1_Processed\\cache_data\\step7f_A_merged_smooth.zarr', trying Dataset...
Loaded step7f_A_merged_smooth from zarr
Stored step7f_A_merged_smooth in nested format under step7f
Also stored step7f_A_merged_smooth at top level
Loaded step7f_merging_results_summary from json
Also stored step7f_merging_results_summary at top level
Error loading as DataArray: [Errno 13] Permission denied: 'C:\\Users\\ariAccount\\Desktop\\9999_1_Processed\\cache_data\\step8a_YrA_updated.zarr', trying Dataset...
Loaded step8a_YrA_updated from zarr
Stored step8a_YrA_updated in nested format under step8a
Also stored step8a_YrA_updated at top level
Error loading as DataArray: [Errno 13] Permission denied: 'C:\\Users\\ariAccount\\Desktop\\9999_1_Processed\\cache_data\\step8b_b0_final.zarr', trying Dataset...
Loaded step8b_b0_final from zarr
Stored step8b_b0_final in nested format under step8b
Also stored step8b_b0_final at top level
Error loading as DataArray: [Errno 13] Permission denied: 'C:\\Users\\ariAccount\\Desktop\\9999_1_Processed\\cache_data\\step8b_c0_final.zarr', trying Dataset...
Loaded step8b_c0_final from zarr
Stored step8b_c0_final in nested format under step8b
Also stored step8b_c0_final at top level
Error loading as DataArray: [Errno 13] Permission denied: 'C:\\Users\\ariAccount\\Desktop\\9999_1_Processed\\cache_data\\step8b_C_final.zarr', trying Dataset...
Loaded step8b_C_final from zarr
Stored step8b_C_final in nested format under step8b
Also stored step8b_C_final at top level
Error loading as DataArray: [Errno 13] Permission denied: 'C:\\Users\\ariAccount\\Desktop\\9999_1_Processed\\cache_data\\step8b_g_final.zarr', trying Dataset...
Loaded step8b_g_final from zarr
Stored step8b_g_final in nested format under step8b
Also stored step8b_g_final at top level
Loaded step8b_processing_stats from json
Also stored step8b_processing_stats at top level
Error loading as DataArray: [Errno 13] Permission denied: 'C:\\Users\\ariAccount\\Desktop\\9999_1_Processed\\cache_data\\step8b_S_final.zarr', trying Dataset...
Loaded step8b_S_final from zarr
Stored step8b_S_final in nested format under step8b
Also stored step8b_S_final at top level

--- DEBUG: Looking for additional JSON and NumPy files ---

--- DEBUG: Checking if SVD results need to be loaded ---
SVD results directory not found at: C:/Users/ariAccount/Desktop/9999_1_Processed\cache_data\svd_results

--- DEBUG: Looking for cluster and boundary data ---

=== DEBUG: Marking steps completed through 'Step2fValidation' ===
Target step index: 6 (0-based)
After marking, state['results'] keys: ['processing_parameters', 'step2a_chunking_info', 'step2a_varr', 'step2b', 'step2b_varr_ref', 'step2c', 'step2c_motion', 'step2e_Y', 'step2e', 'step2e_Y_fm_chk', 'step2e_Y_hw_chk', 'step3a', 'step3a_Y_fm_cropped', 'step3a_Y_hw_cropped', 'step3b', 'step3b_A', 'step3b_A_init', 'step3b_b', 'step3b_C', 'step3b_C_init', 'step3b_f', 'step4c', 'step4c_merged_components', 'step4d', 'step4d_temporal_components_signals', 'step4d_temporal_components_spatial', 'step4e', 'step4e_A_pre_CNMF', 'step4e_C_pre_CNMF', 'step4f', 'step4f_A_clean', 'step4f_C_clean', 'step4g', 'step4g_A_merged', 'step4g_C_merged', 'step5a_sn_spatial', 'step5b', 'step5b_A_filtered', 'step5b_C_filtered', 'step6a', 'step6a_YrA', 'step6d_b0_new', 'step6d_c0_new', 'step6d_C_new', 'step6d_g_new', 'step6d_S_new', 'step6d_temporal_params', 'step6e', 'step6e_A_filtered', 'step6e_C_filtered', 'step6e_C_new', 'step6e_S_filtered', 'step6e_S_new', 'step6e_temporal_results_summary', 'step7a', 'step7a_A_dilated', 'step7a_dilation_results_summary', 'step7b_clustering_results_summary', 'step7b_clusters', 'step7b_component_valid_mask', 'step7c_boundary_results_summary', 'step7c_boundary_stats', 'step7e', 'step7e_A_updated', 'step7e_spatial_update_summary', 'step7f', 'step7f_A_merged', 'step7f_A_merged_raw', 'step7f_A_merged_smooth', 'step7f_merging_results_summary', 'step8a', 'step8a_YrA_updated', 'step8b', 'step8b_b0_final', 'step8b_c0_final', 'step8b_C_final', 'step8b_g_final', 'step8b_processing_stats', 'step8b_S_final', 'step1_setup', 'step1', 'step2a_video_loading', 'step2a', 'step2b_processing', 'step2c_motion_estimation', 'step2d_erroneous_frames', 'step2d', 'step2e_transformation', 'step2f_validation', 'step2f']
Navigating to next step: Step3aCropping
C:\Users\ariAccount\Desktop\MPS_1.0.0\steps\step3a_cropping.py:703: UserWarning: tight_layout: falling back to Agg renderer
  self.fig.tight_layout(rect=[0, 0, 1, 0.95], pad=0.1, h_pad=0.2, w_pad=0.2)
C:\Users\ariAccount\Desktop\MPS_1.0.0\steps\step3a_cropping.py:703: UserWarning: tight_layout: falling back to Agg renderer
  self.fig.tight_layout(rect=[0, 0, 1, 0.95], pad=0.1, h_pad=0.2, w_pad=0.2)
C:\Users\ariAccount\Desktop\MPS_1.0.0\steps\step3a_cropping.py:703: UserWarning: tight_layout: falling back to Agg renderer
  self.fig.tight_layout(rect=[0, 0, 1, 0.95], pad=0.1, h_pad=0.2, w_pad=0.2)
C:\Users\ariAccount\Desktop\MPS_1.0.0\steps\step3a_cropping.py:703: UserWarning: tight_layout: falling back to Agg renderer
  self.fig.tight_layout(rect=[0, 0, 1, 0.95], pad=0.1, h_pad=0.2, w_pad=0.2)
C:\Users\ariAccount\Desktop\MPS_1.0.0\steps\step3a_cropping.py:703: UserWarning: tight_layout: falling back to Agg renderer
  self.fig.tight_layout(rect=[0, 0, 1, 0.95], pad=0.1, h_pad=0.2, w_pad=0.2)
C:\Users\ariAccount\Desktop\MPS_1.0.0\steps\step3a_cropping.py:703: UserWarning: tight_layout: falling back to Agg renderer
  self.fig.tight_layout(rect=[0, 0, 1, 0.95], pad=0.1, h_pad=0.2, w_pad=0.2)
Successfully closed Dask client

=== AUTO-SAVING PARAMETERS ===
Parameter file path: C:/Users/ariAccount/Desktop/9999_1_Processed\cache_data\processing_parameters.json
[DEBUG] Successfully loaded existing parameters from: C:/Users/ariAccount/Desktop/9999_1_Processed\cache_data\processing_parameters.json

==== START: Parameter Extraction ====
Controller type: <class '__main__.MainApplication'>
Controller state keys: ['input_dir', 'output_dir', 'animal', 'session', 'results', 'session_log_path', 'dataset_output_path', 'cache_path', 'n_workers', 'memory_limit', 'initialized', 'dask_dashboard_url']
Results keys: ['processing_parameters', 'step2a_chunking_info', 'step2a_varr', 'step2b', 'step2b_varr_ref', 'step2c', 'step2c_motion', 'step2e_Y', 'step2e', 'step2e_Y_fm_chk', 'step2e_Y_hw_chk', 'step3a', 'step3a_Y_fm_cropped', 'step3a_Y_hw_cropped', 'step3b', 'step3b_A', 'step3b_A_init', 'step3b_b', 'step3b_C', 'step3b_C_init', 'step3b_f', 'step4c', 'step4c_merged_components', 'step4d', 'step4d_temporal_components_signals', 'step4d_temporal_components_spatial', 'step4e', 'step4e_A_pre_CNMF', 'step4e_C_pre_CNMF', 'step4f', 'step4f_A_clean', 'step4f_C_clean', 'step4g', 'step4g_A_merged', 'step4g_C_merged', 'step5a_sn_spatial', 'step5b', 'step5b_A_filtered', 'step5b_C_filtered', 'step6a', 'step6a_YrA', 'step6d_b0_new', 'step6d_c0_new', 'step6d_C_new', 'step6d_g_new', 'step6d_S_new', 'step6d_temporal_params', 'step6e', 'step6e_A_filtered', 'step6e_C_filtered', 'step6e_C_new', 'step6e_S_filtered', 'step6e_S_new', 'step6e_temporal_results_summary', 'step7a', 'step7a_A_dilated', 'step7a_dilation_results_summary', 'step7b_clustering_results_summary', 'step7b_clusters', 'step7b_component_valid_mask', 'step7c_boundary_results_summary', 'step7c_boundary_stats', 'step7e', 'step7e_A_updated', 'step7e_spatial_update_summary', 'step7f', 'step7f_A_merged', 'step7f_A_merged_raw', 'step7f_A_merged_smooth', 'step7f_merging_results_summary', 'step8a', 'step8a_YrA_updated', 'step8b', 'step8b_b0_final', 'step8b_c0_final', 'step8b_C_final', 'step8b_g_final', 'step8b_processing_stats', 'step8b_S_final', 'step1_setup', 'step1', 'step2a_video_loading', 'step2a', 'step2b_processing', 'step2c_motion_estimation', 'step2d_erroneous_frames', 'step2d', 'step2e_transformation', 'step2f_validation', 'step2f']
Final parameter keys: ['step1_setup', 'step2a_video_loading', 'step2b_processing', 'step2c_motion_estimation', 'step2d_erroneous_frames', 'step2e_transformation', 'step3a_cropping', 'step3b_svd', 'step4c_merging_units', 'step4d_temporal_signals', 'step4e_ac_initialization', 'step4f_dropping_nans', 'step4g_temporal_merging', 'step5b_validation_setup', 'step6a_yra_computation', 'step6e_filter_validate', 'step7a_dilate', 'step7e_spatial_update', 'step7f_merging_validation', 'step8a_yra_computation', 'step8b_final_temporal_update']
[DEBUG] Preserving existing value for step4c_merging_units.cross_merge: True (would be False)
[DEBUG] Preserving existing value for step6a_yra_computation.computation_time: 5.802294492721558 (would be 0.0)
[DEBUG] Preserving existing value for step6e_filter_validate.n_initial: 103 (would be 0)
[DEBUG] Preserving existing value for step6e_filter_validate.n_filtered: 103 (would be 0)
[DEBUG] Preserving existing value for step6e_filter_validate.variables_saved: ['step6e_C_filtered', 'step6e_S_filtered', 'step6e_A_filtered', 'step6e_C_new', 'step6e_S_new'] (would be [])
[DEBUG] Preserving existing value for step6e_filter_validate.saving_timestamp: 2026-03-01 13:21:24 (would be )
[DEBUG] Preserving existing value for step7a_dilate.expansion_ratio: 2.204010244237616 (would be 0.0)
[DEBUG] Preserving existing value for step7a_dilate.active_pixels_before: 16009 (would be 0)
[DEBUG] Preserving existing value for step7a_dilate.active_pixels_after: 35284 (would be 0)
[DEBUG] Preserving existing value for step7a_dilate.variables_saved: ['step7a_A_dilated'] (would be [])
[DEBUG] Preserving existing value for step7a_dilate.saving_timestamp: 2026-03-01 13:22:34 (would be )
[DEBUG] Preserving existing value for step7e_spatial_update.variables_saved: ['step7e_A_updated', 'step7e_multi_lasso_results'] (would be [])
[DEBUG] Preserving existing value for step7e_spatial_update.saving_timestamp: 2026-03-01 13:31:37 (would be )
[DEBUG] Preserving existing value for step7f_merging_validation.raw_components_retained: 101 (would be 0)
[DEBUG] Preserving existing value for step7f_merging_validation.smooth_components_retained: 101 (would be 0)
[DEBUG] Preserving existing value for step7f_merging_validation.raw_percent_filtered: 1.9417475728155338 (would be 0.0)
[DEBUG] Preserving existing value for step7f_merging_validation.smooth_percent_filtered: 1.9417475728155338 (would be 0.0)
[DEBUG] Preserving existing value for step7f_merging_validation.variables_saved: ['step7f_A_merged', 'step7f_A_merged_raw'] (would be [])
[DEBUG] Preserving existing value for step7f_merging_validation.saving_timestamp: 2026-03-01 13:35:45 (would be )
[DEBUG] Preserving existing value for step8a_yra_computation.computation_time: 7.441589117050171 (would be 0.0)
[DEBUG] Preserving existing value for step8b_final_temporal_update.total_time: 14.13093876838684 (would be 0.0)
[DEBUG] Preserving existing value for step8b_final_temporal_update.successful_components: 101 (would be 0.0)
[DEBUG] Preserving existing value for step8b_final_temporal_update.success_rate: 1.0 (would be 0.0)
[DEBUG] Preserving existing value for step8b_final_temporal_update.avg_time_per_component: 0.13991028483551327 (would be 0.0)
[DEBUG] Saving parameters with steps: ['step1_setup', 'step2a_video_loading', 'step2b_processing', 'step2c_motion_estimation', 'step2d_erroneous_frames', 'step2e_transformation', 'step3a_cropping', 'step3b_svd', 'step4a_watershed_search', 'step4b_watershed_segmentation', 'step4c_merging_units', 'step4d_temporal_signals', 'step4e_ac_initialization', 'step4f_dropping_nans', 'step4g_temporal_merging', 'step5a_noise_estimation', 'step5b_validation_setup', 'step6a_yra_computation', 'step6c_parameter_suggestion', 'step6d_temporal_update', 'step6e_filter_validate', 'step7a_dilate', 'step7b_cluster', 'step7c_bounds', 'step7d_parameter_suggestions', 'step7e_spatial_update', 'step7f_merging_validation', 'step8a_yra_computation', 'step8b_final_temporal_update', 'step8b_filter_export']
[DEBUG] Parameters saved to: C:/Users/ariAccount/Desktop/9999_1_Processed\cache_data\processing_parameters.json
Parameters saved successfully: True
Session log closed.
