Session log started: C:\Users\ariAccount\Desktop\MPS_1.0.0\logs\session_20260301_154918.log
Registered button for Step1Setup
Loaded Step1Setup
Registered button for Step2aVideoLoading
Loaded Step2aVideoLoading
Registered button for Step2bProcessing
Loaded Step2bProcessing
Registered button for Step2cMotionEstimation
Loaded Step2cMotionEstimation
Registered button for Step2dErroneousFrames
Loaded Step2dErroneousFrames
Registered button for Step2eTransformation
Loaded Step2eTransformation
Registered button for Step2fValidation
Loaded Step2fValidation
Registered button for Step3aCropping
Loaded Step3aCropping
Registered button for Step3bNNDSVD
Loaded Step3bNNDSVD
Registered button for Step3cSVDAnalysis
Loaded Step3cSVDAnalysis
Registered button for Step4aWatershedSearch
Loaded Step4aWatershedSearch
Registered button for Step4bWatershedSegmentation
Loaded Step4bWatershedSegmentation
Registered button for Step4cMergingUnits
Loaded Step4cMergingUnits
Registered button for Step4dTemporalSignals
Loaded Step4dTemporalSignals
Registered button for Step4eACInitialization
Loaded Step4eACInitialization
Registered button for Step4fDroppingNans
Loaded Step4fDroppingNans
Registered button for Step4gTemporalMerging
Loaded Step4gTemporalMerging
Registered button for Step5aNoiseEstimation
Loaded Step5aNoiseEstimation
Registered button for Step5bValidationSetup
Loaded Step5bValidationSetup
Registered button for Step6aYRAComputation
Loaded Step6aYRAComputation
Registered button for Step6bValidateYRA
Loaded Step6bValidateYRA
Registered button for Step6cParameterSuggestion
Loaded Step6cParameterSuggestion
Registered button for Step6dUpdateTemporal
Loaded Step6dUpdateTemporal
Registered button for Step6eFilterValidate
Loaded Step6eFilterValidate
Registered button for Step7aDilation
Loaded Step7aDilation
Registered button for Step7bKDTree
Loaded Step7bKDTree
Registered button for Step7cBounds
Loaded Step7cBounds
Registered button for Step7dParameterSuggestions
Loaded Step7dParameterSuggestions
Registered button for Step7eSpatialUpdate
Loaded Step7eSpatialUpdate
Registered button for Step7fMergingValidation
Loaded Step7fMergingValidation
Registered button for Step8aYRAComputation
Loaded Step8aYRAComputation
Registered button for Step8bFinalTemporalUpdate
Loaded Step8bFinalTemporalUpdate
Registered button for Step8cFilterSave
Loaded Step8cFilterSave
