Session log started: C:\Users\ariAccount\Desktop\MPS_1.0.0\logs\session_20260301_125935.log
Registered button for Step1Setup
Loaded Step1Setup
Registered button for Step2aVideoLoading
Loaded Step2aVideoLoading
Registered button for Step2bProcessing
Loaded Step2bProcessing
Registered button for Step2cMotionEstimation
Loaded Step2cMotionEstimation
Registered button for Step2dErroneousFrames
Loaded Step2dErroneousFrames
Registered button for Step2eTransformation
Loaded Step2eTransformation
Registered button for Step2fValidation
Loaded Step2fValidation
Registered button for Step3aCropping
Loaded Step3aCropping
Registered button for Step3bNNDSVD
Loaded Step3bNNDSVD
Registered button for Step3cSVDAnalysis
Loaded Step3cSVDAnalysis
Registered button for Step4aWatershedSearch
Loaded Step4aWatershedSearch
Registered button for Step4bWatershedSegmentation
Loaded Step4bWatershedSegmentation
Registered button for Step4cMergingUnits
Loaded Step4cMergingUnits
Registered button for Step4dTemporalSignals
Loaded Step4dTemporalSignals
Registered button for Step4eACInitialization
Loaded Step4eACInitialization
Registered button for Step4fDroppingNans
Loaded Step4fDroppingNans
Registered button for Step4gTemporalMerging
Loaded Step4gTemporalMerging
Registered button for Step5aNoiseEstimation
Loaded Step5aNoiseEstimation
Registered button for Step5bValidationSetup
Loaded Step5bValidationSetup
Registered button for Step6aYRAComputation
Loaded Step6aYRAComputation
Registered button for Step6bValidateYRA
Loaded Step6bValidateYRA
Registered button for Step6cParameterSuggestion
Loaded Step6cParameterSuggestion
Registered button for Step6dUpdateTemporal
Loaded Step6dUpdateTemporal
Registered button for Step6eFilterValidate
Loaded Step6eFilterValidate
Registered button for Step7aDilation
Loaded Step7aDilation
Registered button for Step7bKDTree
Loaded Step7bKDTree
Registered button for Step7cBounds
Loaded Step7cBounds
Registered button for Step7dParameterSuggestions
Loaded Step7dParameterSuggestions
Registered button for Step7eSpatialUpdate
Loaded Step7eSpatialUpdate
Registered button for Step7fMergingValidation
Loaded Step7fMergingValidation
Registered button for Step8aYRAComputation
Loaded Step8aYRAComputation
Registered button for Step8bFinalTemporalUpdate
Loaded Step8bFinalTemporalUpdate
Registered button for Step8cFilterSave
Loaded Step8cFilterSave

=== AUTO-SAVING PARAMETERS ===
[DEBUG] set_base_path called with: C:/Users/ariAccount/Desktop\9999_1_Processed\cache_data
  File "C:\Users\ariAccount\Desktop\MPS_1.0.0\env\lib\threading.py", line 890, in _bootstrap
    self._bootstrap_inner()
  File "C:\Users\ariAccount\Desktop\MPS_1.0.0\env\lib\threading.py", line 932, in _bootstrap_inner
    self.run()
  File "C:\Users\ariAccount\Desktop\MPS_1.0.0\env\lib\threading.py", line 870, in run
    self._target(*self._args, **self._kwargs)
  File "C:\Users\ariAccount\Desktop\MPS_1.0.0\steps\step1_setup.py", line 234, in _initialize_thread
    self.controller.auto_save_parameters()
  File "C:\Users\ariAccount\Desktop\MPS_1.0.0\main.py", line 518, in auto_save_parameters
    storage.set_base_path(cache_path)
  File "C:\Users\ariAccount\Desktop\MPS_1.0.0\utils\parameter_storage.py", line 45, in set_base_path
    traceback.print_stack()
Parameter file path: C:/Users/ariAccount/Desktop\9999_1_Processed\cache_data\processing_parameters.json

==== START: Parameter Extraction ====
Controller type: <class '__main__.MainApplication'>
Controller state keys: ['input_dir', 'output_dir', 'animal', 'session', 'results', 'session_log_path', 'n_workers', 'memory_limit', 'video_percent', 'dataset_output_path', 'cache_path']
Results keys: []
Final parameter keys: ['step1_setup']
[DEBUG] Saving parameters with steps: ['step1_setup']
[DEBUG] Parameters saved to: C:/Users/ariAccount/Desktop\9999_1_Processed\cache_data\processing_parameters.json
Parameters saved successfully: True

[processing detection] Active threads (non-background):
  • Thread-1 (alive=True, daemon=True)

[processing detection] No active processing threads detected

=== AUTO-SAVING PARAMETERS ===
[DEBUG] set_base_path called with: C:/Users/ariAccount/Desktop\9999_1_Processed\cache_data
  File "C:\Users\ariAccount\Desktop\MPS_1.0.0\main.py", line 1084, in <module>
    app.mainloop()
  File "C:\Users\ariAccount\Desktop\MPS_1.0.0\env\lib\tkinter\__init__.py", line 1429, in mainloop
    self.tk.mainloop(n)
  File "C:\Users\ariAccount\Desktop\MPS_1.0.0\env\lib\tkinter\__init__.py", line 1892, in __call__
    return self.func(*args)
  File "C:\Users\ariAccount\Desktop\MPS_1.0.0\main.py", line 379, in go_to_next
    self.auto_save_parameters()
  File "C:\Users\ariAccount\Desktop\MPS_1.0.0\main.py", line 518, in auto_save_parameters
    storage.set_base_path(cache_path)
  File "C:\Users\ariAccount\Desktop\MPS_1.0.0\utils\parameter_storage.py", line 45, in set_base_path
    traceback.print_stack()
Parameter file path: C:/Users/ariAccount/Desktop\9999_1_Processed\cache_data\processing_parameters.json
[DEBUG] Successfully loaded existing parameters from: C:/Users/ariAccount/Desktop\9999_1_Processed\cache_data\processing_parameters.json

==== START: Parameter Extraction ====
Controller type: <class '__main__.MainApplication'>
Controller state keys: ['input_dir', 'output_dir', 'animal', 'session', 'results', 'session_log_path', 'n_workers', 'memory_limit', 'video_percent', 'dataset_output_path', 'cache_path', 'initialized']
Results keys: []
Final parameter keys: ['step1_setup']
[DEBUG] Saving parameters with steps: ['step1_setup']
[DEBUG] Parameters saved to: C:/Users/ariAccount/Desktop\9999_1_Processed\cache_data\processing_parameters.json
Parameters saved successfully: True

[processing detection] No active processing threads detected

=== AUTO-SAVING PARAMETERS ===
[DEBUG] set_base_path called with: C:/Users/ariAccount/Desktop\9999_1_Processed\cache_data
  File "C:\Users\ariAccount\Desktop\MPS_1.0.0\main.py", line 1084, in <module>
    app.mainloop()
  File "C:\Users\ariAccount\Desktop\MPS_1.0.0\env\lib\tkinter\__init__.py", line 1429, in mainloop
    self.tk.mainloop(n)
  File "C:\Users\ariAccount\Desktop\MPS_1.0.0\env\lib\tkinter\__init__.py", line 1892, in __call__
    return self.func(*args)
  File "C:\Users\ariAccount\Desktop\MPS_1.0.0\main.py", line 379, in go_to_next
    self.auto_save_parameters()
  File "C:\Users\ariAccount\Desktop\MPS_1.0.0\main.py", line 518, in auto_save_parameters
    storage.set_base_path(cache_path)
  File "C:\Users\ariAccount\Desktop\MPS_1.0.0\utils\parameter_storage.py", line 45, in set_base_path
    traceback.print_stack()
Parameter file path: C:/Users/ariAccount/Desktop\9999_1_Processed\cache_data\processing_parameters.json
[DEBUG] Successfully loaded existing parameters from: C:/Users/ariAccount/Desktop\9999_1_Processed\cache_data\processing_parameters.json

==== START: Parameter Extraction ====
Controller type: <class '__main__.MainApplication'>
Controller state keys: ['input_dir', 'output_dir', 'animal', 'session', 'results', 'session_log_path', 'n_workers', 'memory_limit', 'video_percent', 'dataset_output_path', 'cache_path', 'initialized', 'dask_dashboard_url']
Results keys: ['step2a']
Final parameter keys: ['step1_setup', 'step2a_video_loading']
[DEBUG] Saving parameters with steps: ['step1_setup', 'step2a_video_loading']
[DEBUG] Parameters saved to: C:/Users/ariAccount/Desktop\9999_1_Processed\cache_data\processing_parameters.json
Parameters saved successfully: True
Denoising with method: median, params: {'ksize': 7}
Removing background with method: tophat, window size: 15

[processing detection] No active processing threads detected

=== AUTO-SAVING PARAMETERS ===
[DEBUG] set_base_path called with: C:/Users/ariAccount/Desktop\9999_1_Processed\cache_data
  File "C:\Users\ariAccount\Desktop\MPS_1.0.0\main.py", line 1084, in <module>
    app.mainloop()
  File "C:\Users\ariAccount\Desktop\MPS_1.0.0\env\lib\tkinter\__init__.py", line 1429, in mainloop
    self.tk.mainloop(n)
  File "C:\Users\ariAccount\Desktop\MPS_1.0.0\env\lib\tkinter\__init__.py", line 1892, in __call__
    return self.func(*args)
  File "C:\Users\ariAccount\Desktop\MPS_1.0.0\main.py", line 379, in go_to_next
    self.auto_save_parameters()
  File "C:\Users\ariAccount\Desktop\MPS_1.0.0\main.py", line 518, in auto_save_parameters
    storage.set_base_path(cache_path)
  File "C:\Users\ariAccount\Desktop\MPS_1.0.0\utils\parameter_storage.py", line 45, in set_base_path
    traceback.print_stack()
Parameter file path: C:/Users/ariAccount/Desktop\9999_1_Processed\cache_data\processing_parameters.json
[DEBUG] Successfully loaded existing parameters from: C:/Users/ariAccount/Desktop\9999_1_Processed\cache_data\processing_parameters.json

==== START: Parameter Extraction ====
Controller type: <class '__main__.MainApplication'>
Controller state keys: ['input_dir', 'output_dir', 'animal', 'session', 'results', 'session_log_path', 'n_workers', 'memory_limit', 'video_percent', 'dataset_output_path', 'cache_path', 'initialized', 'dask_dashboard_url']
Results keys: ['step2a', 'step2b']
Final parameter keys: ['step1_setup', 'step2a_video_loading', 'step2b_processing']
[DEBUG] Saving parameters with steps: ['step1_setup', 'step2a_video_loading', 'step2b_processing']
[DEBUG] Parameters saved to: C:/Users/ariAccount/Desktop\9999_1_Processed\cache_data\processing_parameters.json
Parameters saved successfully: True

=== AUTO-SAVING PARAMETERS ===
[DEBUG] set_base_path called with: C:/Users/ariAccount/Desktop\9999_1_Processed\cache_data
  File "C:\Users\ariAccount\Desktop\MPS_1.0.0\env\lib\threading.py", line 890, in _bootstrap
    self._bootstrap_inner()
  File "C:\Users\ariAccount\Desktop\MPS_1.0.0\env\lib\threading.py", line 932, in _bootstrap_inner
    self.run()
  File "C:\Users\ariAccount\Desktop\MPS_1.0.0\env\lib\threading.py", line 870, in run
    self._target(*self._args, **self._kwargs)
  File "C:\Users\ariAccount\Desktop\MPS_1.0.0\steps\step2c_motion_estimation.py", line 366, in _estimate_motion_thread
    self.controller.auto_save_parameters()
  File "C:\Users\ariAccount\Desktop\MPS_1.0.0\main.py", line 518, in auto_save_parameters
    storage.set_base_path(cache_path)
  File "C:\Users\ariAccount\Desktop\MPS_1.0.0\utils\parameter_storage.py", line 45, in set_base_path
    traceback.print_stack()
Parameter file path: C:/Users/ariAccount/Desktop\9999_1_Processed\cache_data\processing_parameters.json
[DEBUG] Successfully loaded existing parameters from: C:/Users/ariAccount/Desktop\9999_1_Processed\cache_data\processing_parameters.json

==== START: Parameter Extraction ====
Controller type: <class '__main__.MainApplication'>
Controller state keys: ['input_dir', 'output_dir', 'animal', 'session', 'results', 'session_log_path', 'n_workers', 'memory_limit', 'video_percent', 'dataset_output_path', 'cache_path', 'initialized', 'dask_dashboard_url']
Results keys: ['step2a', 'step2b', 'step2c', 'step2c_motion']
Final parameter keys: ['step1_setup', 'step2a_video_loading', 'step2b_processing', 'step2c_motion_estimation']
[DEBUG] Saving parameters with steps: ['step1_setup', 'step2a_video_loading', 'step2b_processing', 'step2c_motion_estimation']
[DEBUG] Parameters saved to: C:/Users/ariAccount/Desktop\9999_1_Processed\cache_data\processing_parameters.json
Parameters saved successfully: True

=== AUTO-SAVING PARAMETERS ===
[DEBUG] set_base_path called with: C:/Users/ariAccount/Desktop\9999_1_Processed\cache_data
